Namespace(model_name='ui-tars', output_path='/data/lvbb1/ui-tars-result/screenQA/ui-tars', gpus='0,1')
================================================================================
Prompt:  
        You are a rigorous assistant for mobile app screen understanding. Given a question, you must output the answer in a strictly structured JSON format with the following rules:

        ### **Output Format (Strictly Follow Below Structure)**
        Your answer MUST be a dictionary with:
        1.full_answer: A concise text answer (natural language description), if your answer contains double quotes, you must escape them as ".
        2.ui_elements: A list of UI elements, each containing:
            - text: Text displayed on the UI (e.g., button label).
            - bounds: Bounding box coordinates [y_min, x_min, y_max, x_max] (in pixels). **Must contain exactly 4 numbers, in the order: [top, left, bottom, right].**
                ❌ Invalid examples: [50, 401] (missing numbers), [50, 401) (wrong bracket), [50, 401, 80] (incomplete).**
            - vh_index: If the UI element has a visible number label (e.g., "1", "2", "3"...), fill in the corresponding number. If not, set it to "-1".
        
        Important: 
        - You MUST ensure double quotes or quotes inside strings are properly escaped as ".
        - You MUST output a complete and valid JSON structure.

        Example Output:
        {{
            "full_answer": "The rating is 4.3 stars as shown on the screen.",
            "ui_elements": [
                {{
                    "text": "4.3★ 1000K Downloads",
                    "bounds": [424, 1078, 852, 1117],
                    "vh_index": -1
                }}
            ]
        }}

        Now, given the question: "{}", please provide your answer in the specified JSON format.
        

  0%|          | 0/8614 [00:00<?, ?it/s]
  0%|          | 1/8614 [00:00<1:47:01,  1.34it/s]
  0%|          | 2/8614 [00:01<1:57:17,  1.22it/s]
  0%|          | 3/8614 [00:02<2:03:17,  1.16it/s]
  0%|          | 4/8614 [00:03<2:05:49,  1.14it/s]
  0%|          | 5/8614 [00:04<2:09:19,  1.11it/s]
  0%|          | 6/8614 [00:05<2:07:52,  1.12it/s]
  0%|          | 7/8614 [00:09<5:06:12,  2.13s/it]
  0%|          | 8/8614 [00:12<5:38:19,  2.36s/it]
  0%|          | 9/8614 [00:13<4:29:11,  1.88s/it]
  0%|          | 10/8614 [00:19<7:15:43,  3.04s/it]
  0%|          | 11/8614 [00:20<5:40:52,  2.38s/it]
  0%|          | 12/8614 [00:20<4:34:31,  1.91s/it]
  0%|          | 13/8614 [00:21<3:42:20,  1.55s/it]
  0%|          | 14/8614 [00:32<10:32:12,  4.41s/it]
  0%|          | 15/8614 [00:34<8:30:52,  3.56s/it] 
  0%|          | 16/8614 [00:36<7:22:15,  3.09s/it]
  0%|          | 17/8614 [00:41<8:37:58,  3.62s/it]
  0%|          | 18/8614 [00:41<6:29:10,  2.72s/it]
  0%|          | 19/8614 [00:42<5:17:00,  2.21s/it]
  0%|          | 20/8614 [00:48<7:28:24,  3.13s/it]
  0%|          | 21/8614 [00:53<9:04:47,  3.80s/it]
  0%|          | 22/8614 [00:59<10:29:32,  4.40s/it]
  0%|          | 23/8614 [01:01<8:57:14,  3.75s/it] 
  0%|          | 24/8614 [01:03<7:27:10,  3.12s/it]
  0%|          | 25/8614 [01:09<9:52:03,  4.14s/it]
  0%|          | 26/8614 [01:15<10:59:08,  4.61s/it]
  0%|          | 27/8614 [01:16<8:21:35,  3.50s/it] 
  0%|          | 28/8614 [01:21<9:55:45,  4.16s/it]
  0%|          | 29/8614 [01:32<14:13:15,  5.96s/it]
  0%|          | 30/8614 [01:34<11:25:21,  4.79s/it]
  0%|          | 31/8614 [01:35<8:43:22,  3.66s/it] 
  0%|          | 32/8614 [01:36<6:45:48,  2.84s/it]
  0%|          | 33/8614 [01:37<5:39:29,  2.37s/it]
  0%|          | 34/8614 [01:38<4:38:57,  1.95s/it]
  0%|          | 35/8614 [01:39<4:07:11,  1.73s/it]
  0%|          | 36/8614 [01:40<3:34:35,  1.50s/it]
  0%|          | 37/8614 [01:42<3:52:07,  1.62s/it]
  0%|          | 38/8614 [01:50<8:45:19,  3.68s/it]
  0%|          | 39/8614 [01:51<6:47:22,  2.85s/it]
  0%|          | 40/8614 [01:57<8:38:01,  3.63s/it]
  0%|          | 41/8614 [01:58<6:46:51,  2.85s/it]
  0%|          | 42/8614 [02:04<9:19:50,  3.92s/it]
  0%|          | 43/8614 [02:05<7:18:20,  3.07s/it]
  1%|          | 44/8614 [02:06<5:54:50,  2.48s/it]
  1%|          | 45/8614 [02:10<6:43:10,  2.82s/it]
  1%|          | 46/8614 [02:16<8:43:45,  3.67s/it]
  1%|          | 47/8614 [02:18<7:35:55,  3.19s/it]
  1%|          | 48/8614 [02:20<6:42:03,  2.82s/it]
  1%|          | 49/8614 [02:22<6:08:51,  2.58s/it]
  1%|          | 50/8614 [02:23<4:59:05,  2.10s/it]
  1%|          | 51/8614 [02:24<4:18:07,  1.81s/it]
  1%|          | 52/8614 [02:31<8:00:43,  3.37s/it]
  1%|          | 53/8614 [02:32<6:24:10,  2.69s/it]
  1%|          | 54/8614 [02:38<8:37:32,  3.63s/it]
  1%|          | 55/8614 [02:43<10:05:38,  4.25s/it]
  1%|          | 56/8614 [02:44<7:44:28,  3.26s/it] 
  1%|          | 57/8614 [02:45<6:11:13,  2.60s/it]
  1%|          | 58/8614 [02:46<5:02:33,  2.12s/it]
  1%|          | 59/8614 [02:48<4:50:40,  2.04s/it]
  1%|          | 60/8614 [02:49<4:05:23,  1.72s/it]
  1%|          | 61/8614 [02:51<3:59:03,  1.68s/it]
  1%|          | 62/8614 [02:52<3:30:59,  1.48s/it]
  1%|          | 63/8614 [02:53<3:11:18,  1.34s/it]
  1%|          | 64/8614 [02:54<3:02:37,  1.28s/it]
  1%|          | 65/8614 [03:06<10:37:29,  4.47s/it]
  1%|          | 66/8614 [03:07<8:11:59,  3.45s/it] 
  1%|          | 67/8614 [03:08<6:27:12,  2.72s/it]
  1%|          | 68/8614 [03:14<8:30:04,  3.58s/it]
  1%|          | 69/8614 [03:20<10:10:52,  4.29s/it]
  1%|          | 70/8614 [03:21<7:52:53,  3.32s/it] 
  1%|          | 71/8614 [03:27<9:53:50,  4.17s/it]
  1%|          | 72/8614 [03:33<11:02:47,  4.66s/it]
  1%|          | 73/8614 [03:38<11:51:54,  5.00s/it]
  1%|          | 74/8614 [03:39<9:04:01,  3.82s/it] 
  1%|          | 75/8614 [03:41<7:04:40,  2.98s/it]
  1%|          | 76/8614 [03:50<11:30:55,  4.86s/it]
  1%|          | 77/8614 [03:54<10:57:06,  4.62s/it]
  1%|          | 78/8614 [03:55<8:31:53,  3.60s/it] 
  1%|          | 79/8614 [04:07<14:08:50,  5.97s/it]
  1%|          | 80/8614 [04:18<18:03:20,  7.62s/it]
  1%|          | 81/8614 [04:19<13:26:33,  5.67s/it]
  1%|          | 82/8614 [04:20<10:11:17,  4.30s/it]
  1%|          | 83/8614 [04:21<7:48:45,  3.30s/it] 
  1%|          | 84/8614 [04:32<13:30:42,  5.70s/it]
  1%|          | 85/8614 [04:34<10:13:49,  4.32s/it]
  1%|          | 86/8614 [04:36<8:32:08,  3.60s/it] 
  1%|          | 87/8614 [04:37<6:52:21,  2.90s/it]
  1%|          | 88/8614 [04:38<5:38:46,  2.38s/it]
  1%|          | 89/8614 [04:39<4:44:11,  2.00s/it]
  1%|          | 90/8614 [04:40<4:10:28,  1.76s/it]
  1%|          | 91/8614 [04:42<4:24:43,  1.86s/it]
  1%|          | 92/8614 [04:45<5:04:52,  2.15s/it]
  1%|          | 93/8614 [04:46<4:19:07,  1.82s/it]
  1%|          | 94/8614 [04:57<10:59:55,  4.65s/it]
  1%|          | 95/8614 [04:59<8:28:31,  3.58s/it] 
  1%|          | 96/8614 [05:00<6:38:23,  2.81s/it]
  1%|          | 97/8614 [05:01<5:23:47,  2.28s/it]
  1%|          | 98/8614 [05:07<7:59:19,  3.38s/it]
  1%|          | 99/8614 [05:08<6:29:03,  2.74s/it]
  1%|          | 100/8614 [05:10<6:07:18,  2.59s/it]
  1%|          | 101/8614 [05:12<5:41:48,  2.41s/it]
  1%|          | 102/8614 [05:17<7:41:01,  3.25s/it]
  1%|          | 103/8614 [05:18<6:14:46,  2.64s/it]
  1%|          | 104/8614 [05:20<5:10:37,  2.19s/it]
  1%|          | 105/8614 [05:21<4:22:15,  1.85s/it]
  1%|          | 106/8614 [05:26<7:06:10,  3.01s/it]
  1%|          | 107/8614 [05:33<9:20:47,  3.96s/it]
  1%|▏         | 108/8614 [05:37<10:01:37,  4.24s/it]
  1%|▏         | 109/8614 [05:38<7:42:55,  3.27s/it] 
  1%|▏         | 110/8614 [05:40<6:21:07,  2.69s/it]
  1%|▏         | 111/8614 [05:41<5:14:32,  2.22s/it]
  1%|▏         | 112/8614 [05:43<5:14:44,  2.22s/it]
  1%|▏         | 113/8614 [05:44<4:26:09,  1.88s/it]
  1%|▏         | 114/8614 [05:46<4:33:50,  1.93s/it]数据字段缺失或格式错误 (尝试 1/3): 'vh_index'
数据字段缺失或格式错误 (尝试 2/3): 'vh_index'
数据字段缺失或格式错误 (尝试 3/3): 'vh_index'
数据字段缺失或格式错误 (尝试 1/3): 'vh_index'
数据字段缺失或格式错误 (尝试 2/3): 'vh_index'
数据字段缺失或格式错误 (尝试 3/3): 'vh_index'
JSON 解析失败 (尝试 1/3): Unterminated string starting at: line 5 column 21 (char 107)
JSON 解析失败 (尝试 2/3): Unterminated string starting at: line 5 column 21 (char 107)
JSON 解析失败 (尝试 3/3): Unterminated string starting at: line 5 column 21 (char 107)
数据字段缺失或格式错误 (尝试 1/3): 'vh_index'
数据字段缺失或格式错误 (尝试 1/3): 'vh_index'
数据字段缺失或格式错误 (尝试 1/3): 'vh_index'
数据字段缺失或格式错误 (尝试 2/3): 'vh_index'
数据字段缺失或格式错误 (尝试 3/3): 'vh_index'
数据字段缺失或格式错误 (尝试 1/3): 'vh_index'
数据字段缺失或格式错误 (尝试 2/3): 'vh_index'
数据字段缺失或格式错误 (尝试 3/3): 'vh_index'
数据字段缺失或格式错误 (尝试 1/3): 'vh_index'
数据字段缺失或格式错误 (尝试 2/3): 'vh_index'
数据字段缺失或格式错误 (尝试 3/3): 'vh_index'
JSON 解析失败 (尝试 1/3): Expecting value: line 6 column 24 (char 320)
JSON 解析失败 (尝试 2/3): Expecting value: line 6 column 24 (char 320)
JSON 解析失败 (尝试 3/3): Expecting value: line 6 column 24 (char 320)
数据字段缺失或格式错误 (尝试 1/3): 'vh_index'
数据字段缺失或格式错误 (尝试 1/3): 'vh_index'
数据字段缺失或格式错误 (尝试 2/3): 'vh_index'
数据字段缺失或格式错误 (尝试 3/3): 'vh_index'
数据字段缺失或格式错误 (尝试 1/3): 'vh_index'
数据字段缺失或格式错误 (尝试 2/3): 'vh_index'
数据字段缺失或格式错误 (尝试 3/3): 'vh_index'
数据字段缺失或格式错误 (尝试 1/3): 'vh_index'
数据字段缺失或格式错误 (尝试 2/3): 'vh_index'
数据字段缺失或格式错误 (尝试 3/3): 'vh_index'
JSON 解析失败 (尝试 1/3): Expecting value: line 6 column 24 (char 257)
JSON 解析失败 (尝试 2/3): Expecting value: line 6 column 24 (char 257)
JSON 解析失败 (尝试 3/3): Expecting value: line 6 column 24 (char 257)
数据字段缺失或格式错误 (尝试 1/3): 'vh_index'
未知错误 (尝试 1/3): list index out of range
JSON 解析失败 (尝试 1/3): Expecting value: line 6 column 24 (char 196)
JSON 解析失败 (尝试 2/3): Expecting value: line 6 column 24 (char 196)
JSON 解析失败 (尝试 3/3): Expecting value: line 6 column 24 (char 196)
数据字段缺失或格式错误 (尝试 1/3): 'vh_index'
数据字段缺失或格式错误 (尝试 2/3): 'vh_index'
数据字段缺失或格式错误 (尝试 3/3): 'vh_index'
数据字段缺失或格式错误 (尝试 1/3): 'vh_index'
数据字段缺失或格式错误 (尝试 2/3): 'vh_index'
数据字段缺失或格式错误 (尝试 3/3): 'vh_index'
数据字段缺失或格式错误 (尝试 1/3): 'vh_index'
数据字段缺失或格式错误 (尝试 2/3): 'vh_index'
数据字段缺失或格式错误 (尝试 1/3): 'vh_index'
数据字段缺失或格式错误 (尝试 2/3): 'vh_index'
数据字段缺失或格式错误 (尝试 3/3): 'vh_index'
数据字段缺失或格式错误 (尝试 1/3): 'vh_index'
数据字段缺失或格式错误 (尝试 1/3): 'vh_index'
数据字段缺失或格式错误 (尝试 1/3): 'vh_index'
JSON 解析失败 (尝试 1/3): Expecting value: line 6 column 24 (char 304)
JSON 解析失败 (尝试 2/3): Expecting value: line 6 column 24 (char 304)
JSON 解析失败 (尝试 3/3): Expecting value: line 6 column 24 (char 304)
数据字段缺失或格式错误 (尝试 1/3): 'vh_index'
数据字段缺失或格式错误 (尝试 2/3): 'vh_index'
数据字段缺失或格式错误 (尝试 3/3): 'vh_index'
数据字段缺失或格式错误 (尝试 1/3): 'vh_index'
数据字段缺失或格式错误 (尝试 2/3): 'vh_index'
数据字段缺失或格式错误 (尝试 3/3): 'vh_index'
未知错误 (尝试 1/3): list index out of range
JSON 解析失败 (尝试 1/3): Unterminated string starting at: line 57 column 13 (char 1349)
JSON 解析失败 (尝试 2/3): Unterminated string starting at: line 49 column 21 (char 1345)
JSON 解析失败 (尝试 3/3): Unterminated string starting at: line 49 column 21 (char 1345)
数据字段缺失或格式错误 (尝试 1/3): 'vh_index'
数据字段缺失或格式错误 (尝试 2/3): 'vh_index'
数据字段缺失或格式错误 (尝试 3/3): 'vh_index'
数据字段缺失或格式错误 (尝试 1/3): 'vh_index'
数据字段缺失或格式错误 (尝试 2/3): 'vh_index'
数据字段缺失或格式错误 (尝试 3/3): 'vh_index'
JSON 解析失败 (尝试 1/3): Invalid control character at: line 2 column 60 (char 61)
JSON 解析失败 (尝试 2/3): Invalid control character at: line 2 column 60 (char 61)
JSON 解析失败 (尝试 3/3): Invalid control character at: line 2 column 60 (char 61)
JSON 解析失败 (尝试 1/3): Invalid control character at: line 2 column 44 (char 45)
JSON 解析失败 (尝试 2/3): Invalid control character at: line 2 column 44 (char 45)
JSON 解析失败 (尝试 3/3): Invalid control character at: line 2 column 44 (char 45)
数据字段缺失或格式错误 (尝试 1/3): 'vh_index'
数据字段缺失或格式错误 (尝试 2/3): 'vh_index'
数据字段缺失或格式错误 (尝试 3/3): 'vh_index'
数据字段缺失或格式错误 (尝试 1/3): 'vh_index'
JSON 解析失败 (尝试 2/3): Expecting value: line 18 column 23 (char 499)
JSON 解析失败 (尝试 3/3): Expecting value: line 18 column 23 (char 499)
数据字段缺失或格式错误 (尝试 1/3): 'vh_index'
数据字段缺失或格式错误 (尝试 2/3): 'vh_index'
JSON 解析失败 (尝试 1/3): Unterminated string starting at: line 5 column 21 (char 265)
JSON 解析失败 (尝试 2/3): Unterminated string starting at: line 5 column 21 (char 270)
JSON 解析失败 (尝试 3/3): Unterminated string starting at: line 5 column 21 (char 270)
JSON 解析失败 (尝试 1/3): Expecting ',' delimiter: line 51 column 27 (char 1490)
JSON 解析失败 (尝试 2/3): Expecting value: line 51 column 35 (char 1474)
JSON 解析失败 (尝试 3/3): Expecting value: line 51 column 35 (char 1474)
JSON 解析失败 (尝试 1/3): Expecting value: line 43 column 11 (char 1462)
JSON 解析失败 (尝试 2/3): Expecting value: line 43 column 11 (char 1462)
JSON 解析失败 (尝试 3/3): Expecting value: line 43 column 11 (char 1462)
数据字段缺失或格式错误 (尝试 1/3): 'vh_index'
JSON 解析失败 (尝试 1/3): Unterminated string starting at: line 5 column 21 (char 193)
JSON 解析失败 (尝试 2/3): Unterminated string starting at: line 5 column 21 (char 193)
JSON 解析失败 (尝试 3/3): Unterminated string starting at: line 5 column 21 (char 193)
JSON 解析失败 (尝试 1/3): Expecting ',' delimiter: line 6 column 32 (char 229)
JSON 解析失败 (尝试 2/3): Expecting ',' delimiter: line 6 column 32 (char 229)
JSON 解析失败 (尝试 3/3): Expecting ',' delimiter: line 6 column 32 (char 229)
数据字段缺失或格式错误 (尝试 1/3): 'ui_elements'
JSON 解析失败 (尝试 1/3): Expecting value: line 6 column 24 (char 224)
JSON 解析失败 (尝试 2/3): Expecting value: line 6 column 24 (char 224)
JSON 解析失败 (尝试 3/3): Expecting value: line 6 column 24 (char 224)
数据字段缺失或格式错误 (尝试 1/3): 'vh_index'
数据字段缺失或格式错误 (尝试 2/3): 'vh_index'
数据字段缺失或格式错误 (尝试 3/3): 'vh_index'
数据字段缺失或格式错误 (尝试 1/3): 'vh_index'
数据字段缺失或格式错误 (尝试 2/3): 'vh_index'
数据字段缺失或格式错误 (尝试 3/3): 'vh_index'
JSON 解析失败 (尝试 1/3): Unterminated string starting at: line 13 column 21 (char 499)
数据字段缺失或格式错误 (尝试 1/3): 'vh_index'
数据字段缺失或格式错误 (尝试 1/3): 'vh_index'
数据字段缺失或格式错误 (尝试 1/3): 'vh_index'
数据字段缺失或格式错误 (尝试 2/3): 'vh_index'
数据字段缺失或格式错误 (尝试 3/3): 'vh_index'
  1%|▏         | 115/8614 [05:52<7:07:25,  3.02s/it]
  1%|▏         | 116/8614 [05:57<8:33:14,  3.62s/it]
  1%|▏         | 117/8614 [05:58<6:42:06,  2.84s/it]
  1%|▏         | 118/8614 [05:59<5:28:12,  2.32s/it]
  1%|▏         | 119/8614 [06:05<7:59:38,  3.39s/it]
  1%|▏         | 120/8614 [06:17<13:54:45,  5.90s/it]
  1%|▏         | 121/8614 [06:18<10:24:13,  4.41s/it]
  1%|▏         | 122/8614 [06:19<8:07:44,  3.45s/it] 
  1%|▏         | 123/8614 [06:24<9:17:27,  3.94s/it]
  1%|▏         | 124/8614 [06:25<7:15:30,  3.08s/it]
  1%|▏         | 125/8614 [06:26<5:46:13,  2.45s/it]
  1%|▏         | 126/8614 [06:31<7:41:33,  3.26s/it]
  1%|▏         | 127/8614 [06:36<9:12:20,  3.90s/it]
  1%|▏         | 128/8614 [06:42<10:28:59,  4.45s/it]
  1%|▏         | 129/8614 [06:45<9:18:50,  3.95s/it] 
  2%|▏         | 130/8614 [06:51<10:38:07,  4.51s/it]
  2%|▏         | 131/8614 [07:00<14:13:34,  6.04s/it]
  2%|▏         | 132/8614 [07:12<18:02:41,  7.66s/it]
  2%|▏         | 133/8614 [07:23<20:35:54,  8.74s/it]
  2%|▏         | 134/8614 [07:24<15:19:00,  6.50s/it]
  2%|▏         | 135/8614 [07:31<15:08:47,  6.43s/it]
  2%|▏         | 136/8614 [07:32<11:25:36,  4.85s/it]
  2%|▏         | 137/8614 [07:38<12:11:04,  5.17s/it]
  2%|▏         | 138/8614 [07:43<12:09:46,  5.17s/it]
  2%|▏         | 139/8614 [07:48<12:03:39,  5.12s/it]
  2%|▏         | 140/8614 [07:49<9:08:33,  3.88s/it] 
  2%|▏         | 141/8614 [07:51<8:13:53,  3.50s/it]
  2%|▏         | 142/8614 [07:52<6:18:33,  2.68s/it]
  2%|▏         | 143/8614 [07:53<5:08:42,  2.19s/it]
  2%|▏         | 144/8614 [07:54<4:22:28,  1.86s/it]
  2%|▏         | 145/8614 [07:56<4:28:30,  1.90s/it]
  2%|▏         | 146/8614 [07:57<3:51:29,  1.64s/it]
  2%|▏         | 147/8614 [07:58<3:22:51,  1.44s/it]
  2%|▏         | 148/8614 [08:10<10:43:24,  4.56s/it]
  2%|▏         | 149/8614 [08:11<8:16:42,  3.52s/it] 
  2%|▏         | 150/8614 [08:13<6:39:31,  2.83s/it]
  2%|▏         | 151/8614 [08:14<5:31:43,  2.35s/it]
  2%|▏         | 152/8614 [08:17<5:53:33,  2.51s/it]
  2%|▏         | 153/8614 [08:18<4:55:03,  2.09s/it]
  2%|▏         | 154/8614 [08:19<4:07:04,  1.75s/it]
  2%|▏         | 155/8614 [08:25<7:27:01,  3.17s/it]
  2%|▏         | 156/8614 [08:26<5:54:39,  2.52s/it]
  2%|▏         | 157/8614 [08:32<8:06:54,  3.45s/it]
  2%|▏         | 158/8614 [08:33<6:22:32,  2.71s/it]
  2%|▏         | 159/8614 [08:39<8:29:31,  3.62s/it]
  2%|▏         | 160/8614 [08:40<6:37:31,  2.82s/it]
  2%|▏         | 161/8614 [08:50<11:49:44,  5.04s/it]
  2%|▏         | 162/8614 [08:52<10:10:55,  4.34s/it]
  2%|▏         | 163/8614 [08:53<7:53:07,  3.36s/it] 
  2%|▏         | 164/8614 [08:54<6:12:44,  2.65s/it]
  2%|▏         | 165/8614 [08:59<7:38:27,  3.26s/it]
  2%|▏         | 166/8614 [09:00<6:04:16,  2.59s/it]
  2%|▏         | 167/8614 [09:01<5:00:12,  2.13s/it]
  2%|▏         | 168/8614 [09:02<4:17:15,  1.83s/it]
  2%|▏         | 169/8614 [09:08<6:52:46,  2.93s/it]
  2%|▏         | 170/8614 [09:15<9:43:48,  4.15s/it]
  2%|▏         | 171/8614 [09:25<13:44:37,  5.86s/it]
  2%|▏         | 172/8614 [09:26<10:17:32,  4.39s/it]
  2%|▏         | 173/8614 [09:27<8:04:27,  3.44s/it] 
  2%|▏         | 174/8614 [09:28<6:22:32,  2.72s/it]
  2%|▏         | 175/8614 [09:39<12:27:09,  5.31s/it]
  2%|▏         | 176/8614 [09:45<13:01:58,  5.56s/it]
  2%|▏         | 177/8614 [09:47<9:53:13,  4.22s/it] 
  2%|▏         | 178/8614 [09:48<7:50:43,  3.35s/it]
  2%|▏         | 179/8614 [09:49<6:12:31,  2.65s/it]
  2%|▏         | 180/8614 [09:50<5:05:43,  2.17s/it]
  2%|▏         | 181/8614 [09:51<4:14:59,  1.81s/it]
  2%|▏         | 182/8614 [09:56<6:32:21,  2.79s/it]
  2%|▏         | 183/8614 [10:01<8:13:18,  3.51s/it]
  2%|▏         | 184/8614 [10:07<9:48:04,  4.19s/it]
  2%|▏         | 185/8614 [10:13<11:23:59,  4.87s/it]
  2%|▏         | 186/8614 [10:14<8:43:39,  3.73s/it] 
  2%|▏         | 187/8614 [10:19<9:36:30,  4.10s/it]
  2%|▏         | 188/8614 [10:25<10:46:14,  4.60s/it]
  2%|▏         | 189/8614 [10:31<11:24:44,  4.88s/it]
  2%|▏         | 190/8614 [10:37<12:09:44,  5.20s/it]
  2%|▏         | 191/8614 [10:38<9:11:42,  3.93s/it] 
  2%|▏         | 192/8614 [10:43<10:04:04,  4.30s/it]
  2%|▏         | 193/8614 [10:44<7:52:41,  3.37s/it] 
  2%|▏         | 194/8614 [10:47<7:16:01,  3.11s/it]
  2%|▏         | 195/8614 [10:48<5:51:56,  2.51s/it]
  2%|▏         | 196/8614 [10:50<5:35:17,  2.39s/it]
  2%|▏         | 197/8614 [10:51<4:41:12,  2.00s/it]
  2%|▏         | 198/8614 [10:52<3:57:53,  1.70s/it]
  2%|▏         | 199/8614 [10:58<6:47:55,  2.91s/it]
  2%|▏         | 200/8614 [10:59<5:26:35,  2.33s/it]
  2%|▏         | 201/8614 [11:00<4:31:02,  1.93s/it]
  2%|▏         | 202/8614 [11:01<4:05:00,  1.75s/it]
  2%|▏         | 203/8614 [11:06<6:18:57,  2.70s/it]
  2%|▏         | 204/8614 [11:07<5:06:11,  2.18s/it]
  2%|▏         | 205/8614 [11:12<7:32:05,  3.23s/it]
  2%|▏         | 206/8614 [11:22<11:58:57,  5.13s/it]
  2%|▏         | 207/8614 [11:28<12:19:17,  5.28s/it]
数据字段缺失或格式错误 (尝试 1/3): 'vh_index'
数据字段缺失或格式错误 (尝试 2/3): 'vh_index'
数据字段缺失或格式错误 (尝试 3/3): 'vh_index'
数据字段缺失或格式错误 (尝试 1/3): 'vh_index'
数据字段缺失或格式错误 (尝试 2/3): 'vh_index'
数据字段缺失或格式错误 (尝试 3/3): 'vh_index'
JSON 解析失败 (尝试 1/3): Unterminated string starting at: line 2 column 20 (char 21)
JSON 解析失败 (尝试 2/3): Unterminated string starting at: line 2 column 20 (char 21)
JSON 解析失败 (尝试 3/3): Unterminated string starting at: line 2 column 20 (char 21)
数据字段缺失或格式错误 (尝试 1/3): 'vh_index'
数据字段缺失或格式错误 (尝试 2/3): 'vh_index'
数据字段缺失或格式错误 (尝试 3/3): 'vh_index'
数据字段缺失或格式错误 (尝试 1/3): 'vh_index'
数据字段缺失或格式错误 (尝试 2/3): 'vh_index'
数据字段缺失或格式错误 (尝试 3/3): 'vh_index'
数据字段缺失或格式错误 (尝试 1/3): 'vh_index'
数据字段缺失或格式错误 (尝试 2/3): 'vh_index'
数据字段缺失或格式错误 (尝试 3/3): 'vh_index'
数据字段缺失或格式错误 (尝试 1/3): 'vh_index'
数据字段缺失或格式错误 (尝试 2/3): 'vh_index'
数据字段缺失或格式错误 (尝试 3/3): 'vh_index'
数据字段缺失或格式错误 (尝试 1/3): 'vh_index'
数据字段缺失或格式错误 (尝试 1/3): 'vh_index'
数据字段缺失或格式错误 (尝试 2/3): 'vh_index'
数据字段缺失或格式错误 (尝试 3/3): 'vh_index'
数据字段缺失或格式错误 (尝试 1/3): 'vh_index'
数据字段缺失或格式错误 (尝试 2/3): 'vh_index'
数据字段缺失或格式错误 (尝试 3/3): 'vh_index'
JSON 解析失败 (尝试 1/3): Expecting value: line 27 column 11 (char 595)
数据字段缺失或格式错误 (尝试 2/3): 'vh_index'
数据字段缺失或格式错误 (尝试 3/3): 'vh_index'
JSON 解析失败 (尝试 1/3): Expecting ',' delimiter: line 51 column 31 (char 1428)
JSON 解析失败 (尝试 2/3): Unterminated string starting at: line 47 column 13 (char 1482)
JSON 解析失败 (尝试 3/3): Unterminated string starting at: line 47 column 13 (char 1482)
数据字段缺失或格式错误 (尝试 1/3): 'vh_index'
数据字段缺失或格式错误 (尝试 2/3): 'vh_index'
数据字段缺失或格式错误 (尝试 3/3): 'vh_index'
数据字段缺失或格式错误 (尝试 1/3): 'vh_index'
数据字段缺失或格式错误 (尝试 2/3): 'vh_index'
数据字段缺失或格式错误 (尝试 3/3): 'vh_index'
数据字段缺失或格式错误 (尝试 1/3): 'vh_index'
数据字段缺失或格式错误 (尝试 2/3): 'vh_index'
数据字段缺失或格式错误 (尝试 3/3): 'vh_index'
数据字段缺失或格式错误 (尝试 1/3): 'vh_index'
数据字段缺失或格式错误 (尝试 2/3): 'vh_index'
数据字段缺失或格式错误 (尝试 3/3): 'vh_index'
数据字段缺失或格式错误 (尝试 1/3): 'vh_index'
数据字段缺失或格式错误 (尝试 1/3): 'vh_index'
JSON 解析失败 (尝试 1/3): Expecting ',' delimiter: line 50 column 26 (char 1174)
JSON 解析失败 (尝试 2/3): Expecting ',' delimiter: line 50 column 26 (char 1174)
JSON 解析失败 (尝试 3/3): Expecting ',' delimiter: line 50 column 26 (char 1174)
数据字段缺失或格式错误 (尝试 1/3): 'vh_index'
数据字段缺失或格式错误 (尝试 1/3): 'vh_index'
数据字段缺失或格式错误 (尝试 2/3): 'vh_index'
数据字段缺失或格式错误 (尝试 3/3): 'vh_index'
数据字段缺失或格式错误 (尝试 1/3): 'vh_index'
数据字段缺失或格式错误 (尝试 2/3): 'vh_index'
数据字段缺失或格式错误 (尝试 3/3): 'vh_index'
数据字段缺失或格式错误 (尝试 1/3): 'vh_index'
数据字段缺失或格式错误 (尝试 2/3): 'vh_index'
数据字段缺失或格式错误 (尝试 3/3): 'vh_index'
数据字段缺失或格式错误 (尝试 1/3): 'vh_index'
数据字段缺失或格式错误 (尝试 2/3): 'vh_index'
数据字段缺失或格式错误 (尝试 3/3): 'vh_index'
数据字段缺失或格式错误 (尝试 1/3): 'vh_index'
JSON 解析失败 (尝试 1/3): Expecting ',' delimiter: line 6 column 32 (char 172)
JSON 解析失败 (尝试 2/3): Expecting ',' delimiter: line 6 column 32 (char 172)
JSON 解析失败 (尝试 3/3): Expecting ',' delimiter: line 6 column 32 (char 172)
数据字段缺失或格式错误 (尝试 1/3): 'vh_index'
数据字段缺失或格式错误 (尝试 2/3): 'vh_index'
数据字段缺失或格式错误 (尝试 3/3): 'vh_index'
数据字段缺失或格式错误 (尝试 1/3): 'vh_index'
数据字段缺失或格式错误 (尝试 2/3): 'vh_index'
数据字段缺失或格式错误 (尝试 3/3): 'vh_index'
数据字段缺失或格式错误 (尝试 1/3): 'vh_index'
JSON 解析失败 (尝试 2/3): Expecting ',' delimiter: line 50 column 32 (char 1098)
JSON 解析失败 (尝试 3/3): Expecting ',' delimiter: line 50 column 32 (char 1098)
JSON 解析失败 (尝试 1/3): Expecting ',' delimiter: line 58 column 25 (char 1327)
JSON 解析失败 (尝试 2/3): Expecting ',' delimiter: line 58 column 25 (char 1327)
JSON 解析失败 (尝试 3/3): Expecting ',' delimiter: line 58 column 25 (char 1327)
数据字段缺失或格式错误 (尝试 1/3): 'vh_index'
数据字段缺失或格式错误 (尝试 2/3): 'vh_index'
数据字段缺失或格式错误 (尝试 3/3): 'vh_index'
数据字段缺失或格式错误 (尝试 1/3): 'vh_index'
数据字段缺失或格式错误 (尝试 2/3): 'vh_index'
数据字段缺失或格式错误 (尝试 3/3): 'vh_index'
数据字段缺失或格式错误 (尝试 1/3): 'vh_index'
数据字段缺失或格式错误 (尝试 2/3): 'vh_index'
数据字段缺失或格式错误 (尝试 3/3): 'vh_index'
JSON 解析失败 (尝试 1/3): Expecting value: line 6 column 24 (char 210)
JSON 解析失败 (尝试 2/3): Expecting value: line 6 column 24 (char 210)
JSON 解析失败 (尝试 3/3): Expecting value: line 6 column 24 (char 210)
JSON 解析失败 (尝试 1/3): Expecting value: line 10 column 23 (char 301)
JSON 解析失败 (尝试 2/3): Expecting value: line 10 column 23 (char 301)
JSON 解析失败 (尝试 3/3): Expecting value: line 10 column 23 (char 301)
数据字段缺失或格式错误 (尝试 1/3): 'vh_index'
数据字段缺失或格式错误 (尝试 2/3): 'vh_index'
数据字段缺失或格式错误 (尝试 3/3): 'vh_index'
数据字段缺失或格式错误 (尝试 1/3): 'vh_index'
数据字段缺失或格式错误 (尝试 2/3): 'vh_index'
数据字段缺失或格式错误 (尝试 3/3): 'vh_index'
数据字段缺失或格式错误 (尝试 1/3): 'vh_index'
数据字段缺失或格式错误 (尝试 2/3): 'vh_index'
数据字段缺失或格式错误 (尝试 3/3): 'vh_index'
数据字段缺失或格式错误 (尝试 1/3): 'vh_index'
数据字段缺失或格式错误 (尝试 2/3): 'vh_index'
数据字段缺失或格式错误 (尝试 3/3): 'vh_index'
数据字段缺失或格式错误 (尝试 1/3): 'vh_index'
数据字段缺失或格式错误 (尝试 2/3): 'vh_index'
数据字段缺失或格式错误 (尝试 3/3): 'vh_index'
数据字段缺失或格式错误 (尝试 1/3): 'vh_index'
数据字段缺失或格式错误 (尝试 1/3): 'vh_index'
数据字段缺失或格式错误 (尝试 1/3): 'vh_index'
数据字段缺失或格式错误 (尝试 2/3): 'vh_index'
数据字段缺失或格式错误 (尝试 3/3): 'vh_index'
JSON 解析失败 (尝试 1/3): Expecting value: line 46 column 34 (char 1549)
数据字段缺失或格式错误 (尝试 1/3): 'vh_index'
数据字段缺失或格式错误 (尝试 2/3): 'vh_index'
数据字段缺失或格式错误 (尝试 3/3): 'vh_index'
JSON 解析失败 (尝试 1/3): Expecting value: line 6 column 24 (char 235)
JSON 解析失败 (尝试 2/3): Expecting value: line 6 column 24 (char 235)
JSON 解析失败 (尝试 3/3): Expecting value: line 6 column 24 (char 235)
数据字段缺失或格式错误 (尝试 1/3): 'vh_index'
数据字段缺失或格式错误 (尝试 2/3): 'vh_index'
数据字段缺失或格式错误 (尝试 3/3): 'vh_index'
数据字段缺失或格式错误 (尝试 1/3): 'vh_index'
数据字段缺失或格式错误 (尝试 2/3): 'vh_index'
  2%|▏         | 208/8614 [11:34<13:23:12,  5.73s/it]
  2%|▏         | 209/8614 [11:42<14:46:34,  6.33s/it]
  2%|▏         | 210/8614 [11:48<14:16:14,  6.11s/it]
  2%|▏         | 211/8614 [11:50<11:50:47,  5.08s/it]
  2%|▏         | 212/8614 [11:52<9:42:40,  4.16s/it] 
  2%|▏         | 213/8614 [11:53<7:33:29,  3.24s/it]
  2%|▏         | 214/8614 [11:55<6:33:18,  2.81s/it]
  2%|▏         | 215/8614 [11:57<5:27:58,  2.34s/it]
  3%|▎         | 216/8614 [11:59<5:29:07,  2.35s/it]
  3%|▎         | 217/8614 [12:11<12:02:32,  5.16s/it]
  3%|▎         | 218/8614 [12:16<12:24:58,  5.32s/it]
  3%|▎         | 219/8614 [12:18<9:53:36,  4.24s/it] 
  3%|▎         | 220/8614 [12:20<7:57:28,  3.41s/it]
  3%|▎         | 221/8614 [12:25<9:33:25,  4.10s/it]
  3%|▎         | 222/8614 [12:31<10:28:05,  4.49s/it]
  3%|▎         | 223/8614 [12:38<12:24:50,  5.33s/it]
  3%|▎         | 224/8614 [12:44<12:48:20,  5.49s/it]
  3%|▎         | 225/8614 [12:45<9:38:01,  4.13s/it] 
  3%|▎         | 226/8614 [12:50<10:30:47,  4.51s/it]
  3%|▎         | 227/8614 [12:56<11:07:29,  4.78s/it]
  3%|▎         | 228/8614 [13:01<11:23:00,  4.89s/it]
  3%|▎         | 229/8614 [13:02<8:37:27,  3.70s/it] 
  3%|▎         | 230/8614 [13:03<6:49:21,  2.93s/it]
  3%|▎         | 231/8614 [13:09<8:55:19,  3.83s/it]
  3%|▎         | 232/8614 [13:11<8:06:41,  3.48s/it]
  3%|▎         | 233/8614 [13:12<6:25:14,  2.76s/it]
  3%|▎         | 234/8614 [13:13<5:10:03,  2.22s/it]
  3%|▎         | 235/8614 [13:14<4:16:30,  1.84s/it]
  3%|▎         | 236/8614 [13:19<6:20:14,  2.72s/it]
  3%|▎         | 237/8614 [13:20<5:12:38,  2.24s/it]
  3%|▎         | 238/8614 [13:27<8:35:38,  3.69s/it]
  3%|▎         | 239/8614 [13:33<10:10:35,  4.37s/it]
  3%|▎         | 240/8614 [13:34<7:56:01,  3.41s/it] 
  3%|▎         | 241/8614 [13:41<9:57:19,  4.28s/it]
  3%|▎         | 242/8614 [13:46<10:46:54,  4.64s/it]
  3%|▎         | 243/8614 [13:47<8:16:42,  3.56s/it] 
  3%|▎         | 244/8614 [13:53<9:43:42,  4.18s/it]
  3%|▎         | 245/8614 [13:59<11:14:51,  4.84s/it]
  3%|▎         | 246/8614 [14:05<11:37:26,  5.00s/it]
  3%|▎         | 247/8614 [14:12<13:00:22,  5.60s/it]
  3%|▎         | 248/8614 [14:13<9:50:30,  4.24s/it] 
  3%|▎         | 249/8614 [14:14<7:33:58,  3.26s/it]
  3%|▎         | 250/8614 [14:19<9:04:39,  3.91s/it]
  3%|▎         | 251/8614 [14:25<10:47:23,  4.64s/it]
  3%|▎         | 252/8614 [14:26<8:11:51,  3.53s/it] 
  3%|▎         | 253/8614 [14:32<9:45:20,  4.20s/it]
  3%|▎         | 254/8614 [14:37<10:19:54,  4.45s/it]
  3%|▎         | 255/8614 [14:42<10:48:55,  4.66s/it]
  3%|▎         | 256/8614 [14:54<15:27:52,  6.66s/it]
  3%|▎         | 257/8614 [14:55<11:36:56,  5.00s/it]
  3%|▎         | 258/8614 [14:56<8:51:13,  3.81s/it] 
  3%|▎         | 259/8614 [14:57<6:56:51,  2.99s/it]
  3%|▎         | 260/8614 [15:03<8:46:33,  3.78s/it]
  3%|▎         | 261/8614 [15:04<7:04:56,  3.05s/it]
  3%|▎         | 262/8614 [15:12<10:46:49,  4.65s/it]
  3%|▎         | 263/8614 [15:13<8:13:42,  3.55s/it] 
  3%|▎         | 264/8614 [15:14<6:37:05,  2.85s/it]
  3%|▎         | 265/8614 [15:17<6:07:58,  2.64s/it]
  3%|▎         | 266/8614 [15:22<7:50:49,  3.38s/it]
  3%|▎         | 267/8614 [15:23<6:19:17,  2.73s/it]
  3%|▎         | 268/8614 [15:25<5:50:02,  2.52s/it]
  3%|▎         | 269/8614 [15:27<5:16:03,  2.27s/it]
  3%|▎         | 270/8614 [15:28<4:22:38,  1.89s/it]
  3%|▎         | 271/8614 [15:29<3:49:14,  1.65s/it]
  3%|▎         | 272/8614 [15:30<3:19:48,  1.44s/it]
  3%|▎         | 273/8614 [15:31<3:04:30,  1.33s/it]
  3%|▎         | 274/8614 [15:32<2:51:55,  1.24s/it]
  3%|▎         | 275/8614 [15:33<2:40:09,  1.15s/it]
  3%|▎         | 276/8614 [15:34<2:35:52,  1.12s/it]
  3%|▎         | 277/8614 [15:40<6:05:27,  2.63s/it]
  3%|▎         | 278/8614 [15:52<12:23:40,  5.35s/it]
  3%|▎         | 279/8614 [15:53<9:20:16,  4.03s/it] 
  3%|▎         | 280/8614 [15:54<7:37:07,  3.29s/it]
  3%|▎         | 281/8614 [16:06<13:28:54,  5.82s/it]
  3%|▎         | 282/8614 [16:07<10:15:29,  4.43s/it]
  3%|▎         | 283/8614 [16:09<8:32:20,  3.69s/it] 
  3%|▎         | 284/8614 [16:16<11:07:07,  4.81s/it]
  3%|▎         | 285/8614 [16:18<8:31:53,  3.69s/it] 
  3%|▎         | 286/8614 [16:19<6:41:50,  2.90s/it]
  3%|▎         | 287/8614 [16:24<8:36:57,  3.72s/it]
  3%|▎         | 288/8614 [16:30<10:04:07,  4.35s/it]
  3%|▎         | 289/8614 [16:35<10:46:34,  4.66s/it]
  3%|▎         | 290/8614 [16:36<8:12:24,  3.55s/it] 
  3%|▎         | 291/8614 [16:37<6:29:25,  2.81s/it]
  3%|▎         | 292/8614 [16:38<5:12:36,  2.25s/it]
  3%|▎         | 293/8614 [16:40<4:23:38,  1.90s/it]
数据字段缺失或格式错误 (尝试 3/3): 'vh_index'
数据字段缺失或格式错误 (尝试 1/3): 'vh_index'
数据字段缺失或格式错误 (尝试 2/3): 'vh_index'
数据字段缺失或格式错误 (尝试 3/3): 'vh_index'
数据字段缺失或格式错误 (尝试 1/3): 'vh_index'
数据字段缺失或格式错误 (尝试 2/3): 'vh_index'
数据字段缺失或格式错误 (尝试 3/3): 'vh_index'
数据字段缺失或格式错误 (尝试 1/3): 'vh_index'
数据字段缺失或格式错误 (尝试 1/3): 'vh_index'
数据字段缺失或格式错误 (尝试 1/3): 'ui_elements'
数据字段缺失或格式错误 (尝试 1/3): 'vh_index'
JSON 解析失败 (尝试 1/3): Expecting ',' delimiter: line 34 column 40 (char 1727)
JSON 解析失败 (尝试 2/3): Expecting ',' delimiter: line 34 column 40 (char 1727)
JSON 解析失败 (尝试 3/3): Expecting ',' delimiter: line 34 column 40 (char 1727)
数据字段缺失或格式错误 (尝试 1/3): 'vh_index'
数据字段缺失或格式错误 (尝试 2/3): 'vh_index'
数据字段缺失或格式错误 (尝试 3/3): 'vh_index'
数据字段缺失或格式错误 (尝试 1/3): 'ui_elements'
数据字段缺失或格式错误 (尝试 1/3): 'vh_index'
数据字段缺失或格式错误 (尝试 2/3): 'vh_index'
数据字段缺失或格式错误 (尝试 3/3): 'vh_index'
数据字段缺失或格式错误 (尝试 1/3): 'vh_index'
数据字段缺失或格式错误 (尝试 2/3): 'vh_index'
数据字段缺失或格式错误 (尝试 3/3): 'vh_index'
JSON 解析失败 (尝试 1/3): Unterminated string starting at: line 9 column 21 (char 452)
JSON 解析失败 (尝试 2/3): Expecting ',' delimiter: line 6 column 32 (char 275)
JSON 解析失败 (尝试 3/3): Expecting ',' delimiter: line 6 column 32 (char 275)
JSON 解析失败 (尝试 1/3): Expecting value: line 6 column 24 (char 314)
JSON 解析失败 (尝试 2/3): Expecting value: line 6 column 24 (char 325)
JSON 解析失败 (尝试 3/3): Expecting value: line 6 column 24 (char 325)
JSON 解析失败 (尝试 1/3): Expecting value: line 6 column 24 (char 149)
JSON 解析失败 (尝试 2/3): Expecting value: line 6 column 24 (char 149)
JSON 解析失败 (尝试 3/3): Expecting value: line 6 column 24 (char 149)
JSON 解析失败 (尝试 1/3): Expecting value: line 6 column 24 (char 198)
JSON 解析失败 (尝试 2/3): Expecting value: line 6 column 24 (char 198)
JSON 解析失败 (尝试 3/3): Expecting value: line 6 column 24 (char 198)
JSON 解析失败 (尝试 1/3): Expecting ',' delimiter: line 6 column 31 (char 216)
JSON 解析失败 (尝试 2/3): Expecting ',' delimiter: line 6 column 31 (char 216)
JSON 解析失败 (尝试 3/3): Expecting ',' delimiter: line 6 column 31 (char 216)
数据字段缺失或格式错误 (尝试 1/3): 'vh_index'
数据字段缺失或格式错误 (尝试 2/3): 'vh_index'
数据字段缺失或格式错误 (尝试 3/3): 'vh_index'
数据字段缺失或格式错误 (尝试 1/3): 'vh_index'
JSON 解析失败 (尝试 1/3): Invalid control character at: line 2 column 48 (char 49)
JSON 解析失败 (尝试 2/3): Invalid control character at: line 2 column 48 (char 49)
JSON 解析失败 (尝试 3/3): Invalid control character at: line 2 column 48 (char 49)
数据字段缺失或格式错误 (尝试 1/3): 'vh_index'
数据字段缺失或格式错误 (尝试 2/3): 'vh_index'
数据字段缺失或格式错误 (尝试 3/3): 'vh_index'
数据字段缺失或格式错误 (尝试 1/3): 'vh_index'
数据字段缺失或格式错误 (尝试 2/3): 'vh_index'
数据字段缺失或格式错误 (尝试 3/3): 'vh_index'
JSON 解析失败 (尝试 1/3): Expecting value: line 6 column 24 (char 251)
JSON 解析失败 (尝试 2/3): Expecting value: line 6 column 24 (char 251)
JSON 解析失败 (尝试 3/3): Expecting value: line 6 column 24 (char 251)
JSON 解析失败 (尝试 1/3): Expecting ',' delimiter: line 6 column 33 (char 237)
JSON 解析失败 (尝试 2/3): Expecting ',' delimiter: line 6 column 33 (char 237)
JSON 解析失败 (尝试 3/3): Expecting ',' delimiter: line 6 column 33 (char 237)
数据字段缺失或格式错误 (尝试 1/3): 'vh_index'
数据字段缺失或格式错误 (尝试 2/3): 'vh_index'
数据字段缺失或格式错误 (尝试 3/3): 'vh_index'
数据字段缺失或格式错误 (尝试 1/3): 'vh_index'
数据字段缺失或格式错误 (尝试 2/3): 'vh_index'
数据字段缺失或格式错误 (尝试 3/3): 'vh_index'
数据字段缺失或格式错误 (尝试 1/3): 'vh_index'
数据字段缺失或格式错误 (尝试 2/3): 'vh_index'
数据字段缺失或格式错误 (尝试 3/3): 'vh_index'
数据字段缺失或格式错误 (尝试 1/3): 'vh_index'
数据字段缺失或格式错误 (尝试 2/3): 'vh_index'
数据字段缺失或格式错误 (尝试 3/3): 'vh_index'
数据字段缺失或格式错误 (尝试 1/3): 'vh_index'
数据字段缺失或格式错误 (尝试 2/3): 'vh_index'
数据字段缺失或格式错误 (尝试 3/3): 'vh_index'
JSON 解析失败 (尝试 1/3): Expecting value: line 6 column 24 (char 261)
JSON 解析失败 (尝试 2/3): Expecting value: line 6 column 24 (char 261)
JSON 解析失败 (尝试 3/3): Expecting value: line 6 column 24 (char 261)
数据字段缺失或格式错误 (尝试 1/3): 'vh_index'
数据字段缺失或格式错误 (尝试 2/3): 'vh_index'
数据字段缺失或格式错误 (尝试 3/3): 'vh_index'
数据字段缺失或格式错误 (尝试 1/3): 'vh_index'
数据字段缺失或格式错误 (尝试 2/3): 'vh_index'
数据字段缺失或格式错误 (尝试 3/3): 'vh_index'
数据字段缺失或格式错误 (尝试 1/3): 'vh_index'
数据字段缺失或格式错误 (尝试 2/3): 'vh_index'
数据字段缺失或格式错误 (尝试 3/3): 'vh_index'
JSON 解析失败 (尝试 1/3): Unterminated string starting at: line 55 column 13 (char 1596)
JSON 解析失败 (尝试 2/3): Expecting ',' delimiter: line 34 column 33 (char 1128)
JSON 解析失败 (尝试 3/3): Expecting ',' delimiter: line 34 column 33 (char 1128)
数据字段缺失或格式错误 (尝试 1/3): 'vh_index'
数据字段缺失或格式错误 (尝试 2/3): 'vh_index'
数据字段缺失或格式错误 (尝试 3/3): 'vh_index'
数据字段缺失或格式错误 (尝试 1/3): 'vh_index'
数据字段缺失或格式错误 (尝试 2/3): 'vh_index'
数据字段缺失或格式错误 (尝试 3/3): 'vh_index'
数据字段缺失或格式错误 (尝试 1/3): 'vh_index'
数据字段缺失或格式错误 (尝试 1/3): 'vh_index'
数据字段缺失或格式错误 (尝试 2/3): 'vh_index'
数据字段缺失或格式错误 (尝试 3/3): 'vh_index'
数据字段缺失或格式错误 (尝试 1/3): 'vh_index'
数据字段缺失或格式错误 (尝试 1/3): 'ui_elements'
数据字段缺失或格式错误 (尝试 1/3): 'vh_index'
数据字段缺失或格式错误 (尝试 2/3): 'vh_index'
数据字段缺失或格式错误 (尝试 3/3): 'vh_index'
JSON 解析失败 (尝试 1/3): Unterminated string starting at: line 5 column 21 (char 140)
JSON 解析失败 (尝试 2/3): Unterminated string starting at: line 5 column 21 (char 140)
JSON 解析失败 (尝试 3/3): Unterminated string starting at: line 5 column 21 (char 140)
JSON 解析失败 (尝试 1/3): Unterminated string starting at: line 2 column 20 (char 21)
JSON 解析失败 (尝试 2/3): Unterminated string starting at: line 2 column 20 (char 21)
JSON 解析失败 (尝试 3/3): Unterminated string starting at: line 2 column 20 (char 21)
数据字段缺失或格式错误 (尝试 1/3): 'vh_index'
数据字段缺失或格式错误 (尝试 1/3): 'vh_index'
数据字段缺失或格式错误 (尝试 2/3): 'vh_index'
数据字段缺失或格式错误 (尝试 3/3): 'vh_index'
数据字段缺失或格式错误 (尝试 1/3): 'vh_index'
数据字段缺失或格式错误 (尝试 2/3): 'vh_index'
数据字段缺失或格式错误 (尝试 3/3): 'vh_index'
数据字段缺失或格式错误 (尝试 1/3): 'vh_index'
数据字段缺失或格式错误 (尝试 2/3): 'vh_index'
数据字段缺失或格式错误 (尝试 3/3): 'vh_index'
数据字段缺失或格式错误 (尝试 1/3): 'vh_index'
数据字段缺失或格式错误 (尝试 2/3): 'vh_index'
数据字段缺失或格式错误 (尝试 3/3): 'vh_index'
数据字段缺失或格式错误 (尝试 1/3): 'vh_index'
  3%|▎         | 294/8614 [16:45<6:58:34,  3.02s/it]
  3%|▎         | 295/8614 [16:46<5:40:35,  2.46s/it]
  3%|▎         | 296/8614 [16:47<4:41:28,  2.03s/it]
  3%|▎         | 297/8614 [16:48<3:56:51,  1.71s/it]
  3%|▎         | 298/8614 [16:54<6:24:19,  2.77s/it]
  3%|▎         | 299/8614 [16:55<5:10:22,  2.24s/it]
  3%|▎         | 300/8614 [16:56<4:56:45,  2.14s/it]
  3%|▎         | 301/8614 [17:00<5:49:48,  2.52s/it]
  4%|▎         | 302/8614 [17:06<7:58:57,  3.46s/it]
  4%|▎         | 303/8614 [17:06<6:14:10,  2.70s/it]
  4%|▎         | 304/8614 [17:12<8:06:13,  3.51s/it]
  4%|▎         | 305/8614 [17:13<6:24:56,  2.78s/it]
  4%|▎         | 306/8614 [17:14<5:08:41,  2.23s/it]
  4%|▎         | 307/8614 [17:15<4:21:48,  1.89s/it]
  4%|▎         | 308/8614 [17:18<4:50:48,  2.10s/it]
  4%|▎         | 309/8614 [17:22<6:38:30,  2.88s/it]
  4%|▎         | 310/8614 [17:23<5:23:45,  2.34s/it]
  4%|▎         | 311/8614 [17:28<7:16:16,  3.15s/it]
  4%|▎         | 312/8614 [17:34<9:05:12,  3.94s/it]
  4%|▎         | 313/8614 [17:35<7:04:45,  3.07s/it]
  4%|▎         | 314/8614 [17:38<6:58:23,  3.02s/it]
  4%|▎         | 315/8614 [17:44<8:49:42,  3.83s/it]
  4%|▎         | 316/8614 [17:45<7:00:24,  3.04s/it]
  4%|▎         | 317/8614 [17:46<5:38:44,  2.45s/it]
  4%|▎         | 318/8614 [17:47<4:43:38,  2.05s/it]
  4%|▎         | 319/8614 [17:48<4:01:51,  1.75s/it]
  4%|▎         | 320/8614 [17:49<3:36:06,  1.56s/it]
  4%|▎         | 321/8614 [17:55<6:06:42,  2.65s/it]
  4%|▎         | 322/8614 [17:59<7:37:15,  3.31s/it]
  4%|▎         | 323/8614 [18:01<6:06:14,  2.65s/it]
  4%|▍         | 324/8614 [18:02<4:57:23,  2.15s/it]
  4%|▍         | 325/8614 [18:07<6:57:51,  3.02s/it]
  4%|▍         | 326/8614 [18:08<5:36:34,  2.44s/it]
  4%|▍         | 327/8614 [18:13<7:33:13,  3.28s/it]
  4%|▍         | 328/8614 [18:14<6:01:14,  2.62s/it]
  4%|▍         | 329/8614 [18:22<9:37:58,  4.19s/it]
  4%|▍         | 330/8614 [18:23<7:28:32,  3.25s/it]
  4%|▍         | 331/8614 [18:24<6:00:05,  2.61s/it]
  4%|▍         | 332/8614 [18:27<6:08:57,  2.67s/it]
  4%|▍         | 333/8614 [18:32<8:02:22,  3.50s/it]
  4%|▍         | 334/8614 [18:33<6:16:18,  2.73s/it]
  4%|▍         | 335/8614 [18:34<5:02:40,  2.19s/it]
  4%|▍         | 336/8614 [18:40<7:34:58,  3.30s/it]
  4%|▍         | 337/8614 [18:41<6:01:48,  2.62s/it]
  4%|▍         | 338/8614 [18:42<4:52:27,  2.12s/it]
  4%|▍         | 339/8614 [18:47<7:01:50,  3.06s/it]
  4%|▍         | 340/8614 [18:48<5:39:29,  2.46s/it]
  4%|▍         | 341/8614 [18:49<4:41:36,  2.04s/it]
  4%|▍         | 342/8614 [18:50<3:41:10,  1.60s/it]
  4%|▍         | 343/8614 [18:51<3:16:47,  1.43s/it]
  4%|▍         | 344/8614 [18:52<2:44:22,  1.19s/it]
  4%|▍         | 345/8614 [19:03<10:04:05,  4.38s/it]
  4%|▍         | 346/8614 [19:15<15:05:57,  6.57s/it]
  4%|▍         | 347/8614 [19:27<18:43:07,  8.15s/it]
  4%|▍         | 348/8614 [19:28<13:45:34,  5.99s/it]
  4%|▍         | 349/8614 [19:29<10:17:19,  4.48s/it]
  4%|▍         | 350/8614 [19:34<10:31:08,  4.58s/it]
  4%|▍         | 351/8614 [19:35<8:01:06,  3.49s/it] 
  4%|▍         | 352/8614 [19:41<10:18:20,  4.49s/it]
  4%|▍         | 353/8614 [19:43<7:57:37,  3.47s/it] 
  4%|▍         | 354/8614 [19:44<6:14:21,  2.72s/it]
  4%|▍         | 355/8614 [19:45<5:18:44,  2.32s/it]
  4%|▍         | 356/8614 [19:46<4:24:57,  1.93s/it]
  4%|▍         | 357/8614 [19:47<3:44:21,  1.63s/it]
  4%|▍         | 358/8614 [19:48<3:16:50,  1.43s/it]
  4%|▍         | 359/8614 [19:49<3:04:50,  1.34s/it]
  4%|▍         | 360/8614 [19:54<5:41:31,  2.48s/it]
  4%|▍         | 361/8614 [19:59<7:30:03,  3.27s/it]
  4%|▍         | 362/8614 [20:00<5:56:16,  2.59s/it]
  4%|▍         | 363/8614 [20:06<7:55:44,  3.46s/it]
  4%|▍         | 364/8614 [20:07<6:14:50,  2.73s/it]
  4%|▍         | 365/8614 [20:08<5:01:08,  2.19s/it]
  4%|▍         | 366/8614 [20:17<9:50:27,  4.30s/it]
  4%|▍         | 367/8614 [20:28<14:38:08,  6.39s/it]
  4%|▍         | 368/8614 [20:33<13:45:12,  6.00s/it]
  4%|▍         | 369/8614 [20:36<11:23:22,  4.97s/it]
  4%|▍         | 370/8614 [20:41<11:52:46,  5.19s/it]
  4%|▍         | 371/8614 [20:43<9:06:34,  3.98s/it] 
  4%|▍         | 372/8614 [20:44<7:06:53,  3.11s/it]
  4%|▍         | 373/8614 [20:45<5:37:44,  2.46s/it]
  4%|▍         | 374/8614 [20:50<7:51:31,  3.43s/it]
  4%|▍         | 375/8614 [20:56<9:21:50,  4.09s/it]
  4%|▍         | 376/8614 [21:01<10:14:12,  4.47s/it]
  4%|▍         | 377/8614 [21:04<9:01:32,  3.94s/it] 
  4%|▍         | 378/8614 [21:05<7:03:22,  3.08s/it]
  4%|▍         | 379/8614 [21:06<5:39:30,  2.47s/it]
  4%|▍         | 380/8614 [21:09<5:52:08,  2.57s/it]
  4%|▍         | 381/8614 [21:10<4:49:56,  2.11s/it]
  4%|▍         | 382/8614 [21:11<4:05:03,  1.79s/it]
  4%|▍         | 383/8614 [21:17<6:36:05,  2.89s/it]
  4%|▍         | 384/8614 [21:22<8:10:30,  3.58s/it]
  4%|▍         | 385/8614 [21:26<8:22:54,  3.67s/it]
  4%|▍         | 386/8614 [21:27<6:40:14,  2.92s/it]
  4%|▍         | 387/8614 [21:30<6:51:08,  3.00s/it]
  5%|▍         | 388/8614 [21:35<8:26:24,  3.69s/it]
  5%|▍         | 389/8614 [21:36<6:38:05,  2.90s/it]
  5%|▍         | 390/8614 [21:37<5:19:34,  2.33s/it]
  5%|▍         | 391/8614 [21:44<8:25:27,  3.69s/it]
  5%|▍         | 392/8614 [21:45<6:31:18,  2.86s/it]
  5%|▍         | 393/8614 [21:46<5:14:08,  2.29s/it]
  5%|▍         | 394/8614 [21:47<4:24:59,  1.93s/it]
  5%|▍         | 395/8614 [21:48<3:45:11,  1.64s/it]
  5%|▍         | 396/8614 [21:54<6:33:09,  2.87s/it]
  5%|▍         | 397/8614 [22:00<8:50:06,  3.87s/it]
  5%|▍         | 398/8614 [22:04<8:35:25,  3.76s/it]
  5%|▍         | 399/8614 [22:10<10:09:22,  4.45s/it]
  5%|▍         | 400/8614 [22:11<7:50:18,  3.44s/it] 
  5%|▍         | 401/8614 [22:13<6:56:06,  3.04s/it]
  5%|▍         | 402/8614 [22:14<5:34:23,  2.44s/it]
  5%|▍         | 403/8614 [22:16<5:32:16,  2.43s/it]
  5%|▍         | 404/8614 [22:17<4:34:25,  2.01s/it]
  5%|▍         | 405/8614 [22:27<9:37:03,  4.22s/it]
  5%|▍         | 406/8614 [22:28<7:27:54,  3.27s/it]
  5%|▍         | 407/8614 [22:29<5:55:39,  2.60s/it]
  5%|▍         | 408/8614 [22:30<5:19:42,  2.34s/it]
  5%|▍         | 409/8614 [22:32<4:54:51,  2.16s/it]
  5%|▍         | 410/8614 [22:33<4:09:56,  1.83s/it]
  5%|▍         | 411/8614 [22:34<3:34:47,  1.57s/it]
未知错误 (尝试 2/3): list index out of range
数据字段缺失或格式错误 (尝试 1/3): 'vh_index'
数据字段缺失或格式错误 (尝试 2/3): 'vh_index'
数据字段缺失或格式错误 (尝试 3/3): 'vh_index'
数据字段缺失或格式错误 (尝试 1/3): 'vh_index'
JSON 解析失败 (尝试 1/3): Expecting value: line 6 column 24 (char 226)
JSON 解析失败 (尝试 2/3): Expecting value: line 6 column 24 (char 226)
JSON 解析失败 (尝试 3/3): Expecting value: line 6 column 24 (char 226)
数据字段缺失或格式错误 (尝试 1/3): 'vh_index'
数据字段缺失或格式错误 (尝试 2/3): 'vh_index'
数据字段缺失或格式错误 (尝试 3/3): 'vh_index'
数据字段缺失或格式错误 (尝试 1/3): 'vh_index'
JSON 解析失败 (尝试 1/3): Unterminated string starting at: line 5 column 21 (char 210)
数据字段缺失或格式错误 (尝试 1/3): 'vh_index'
数据字段缺失或格式错误 (尝试 2/3): 'vh_index'
数据字段缺失或格式错误 (尝试 3/3): 'vh_index'
JSON 解析失败 (尝试 1/3): Unterminated string starting at: line 5 column 21 (char 99)
数据字段缺失或格式错误 (尝试 2/3): 'vh_index'
数据字段缺失或格式错误 (尝试 1/3): 'vh_index'
数据字段缺失或格式错误 (尝试 1/3): 'vh_index'
数据字段缺失或格式错误 (尝试 2/3): 'vh_index'
数据字段缺失或格式错误 (尝试 3/3): 'vh_index'
数据字段缺失或格式错误 (尝试 1/3): 'vh_index'
数据字段缺失或格式错误 (尝试 2/3): 'vh_index'
数据字段缺失或格式错误 (尝试 3/3): 'vh_index'
JSON 解析失败 (尝试 1/3): Unterminated string starting at: line 50 column 21 (char 1365)
数据字段缺失或格式错误 (尝试 1/3): 'vh_index'
数据字段缺失或格式错误 (尝试 2/3): 'vh_index'
数据字段缺失或格式错误 (尝试 3/3): 'vh_index'
JSON 解析失败 (尝试 1/3): Expecting ',' delimiter: line 34 column 31 (char 1063)
数据字段缺失或格式错误 (尝试 1/3): 'vh_index'
数据字段缺失或格式错误 (尝试 2/3): 'vh_index'
数据字段缺失或格式错误 (尝试 3/3): 'vh_index'
数据字段缺失或格式错误 (尝试 1/3): 'vh_index'
数据字段缺失或格式错误 (尝试 1/3): 'vh_index'
数据字段缺失或格式错误 (尝试 2/3): 'vh_index'
数据字段缺失或格式错误 (尝试 3/3): 'vh_index'
JSON 解析失败 (尝试 1/3): Invalid control character at: line 2 column 71 (char 72)
JSON 解析失败 (尝试 2/3): Invalid control character at: line 2 column 71 (char 72)
JSON 解析失败 (尝试 3/3): Invalid control character at: line 2 column 71 (char 72)
数据字段缺失或格式错误 (尝试 1/3): 'vh_index'
数据字段缺失或格式错误 (尝试 2/3): 'vh_index'
JSON 解析失败 (尝试 1/3): Unterminated string starting at: line 5 column 21 (char 137)
JSON 解析失败 (尝试 2/3): Unterminated string starting at: line 5 column 21 (char 137)
JSON 解析失败 (尝试 3/3): Unterminated string starting at: line 5 column 21 (char 137)
JSON 解析失败 (尝试 1/3): Expecting value: line 39 column 11 (char 1183)
JSON 解析失败 (尝试 2/3): Expecting value: line 39 column 11 (char 1183)
JSON 解析失败 (尝试 3/3): Expecting value: line 39 column 11 (char 1183)
JSON 解析失败 (尝试 1/3): Unterminated string starting at: line 5 column 21 (char 152)
JSON 解析失败 (尝试 2/3): Unterminated string starting at: line 5 column 21 (char 152)
JSON 解析失败 (尝试 3/3): Unterminated string starting at: line 5 column 21 (char 152)
数据字段缺失或格式错误 (尝试 1/3): 'vh_index'
数据字段缺失或格式错误 (尝试 2/3): 'vh_index'
数据字段缺失或格式错误 (尝试 1/3): 'vh_index'
数据字段缺失或格式错误 (尝试 2/3): 'vh_index'
数据字段缺失或格式错误 (尝试 3/3): 'vh_index'
数据字段缺失或格式错误 (尝试 1/3): 'vh_index'
数据字段缺失或格式错误 (尝试 2/3): 'vh_index'
数据字段缺失或格式错误 (尝试 3/3): 'vh_index'
数据字段缺失或格式错误 (尝试 1/3): 'vh_index'
数据字段缺失或格式错误 (尝试 2/3): 'vh_index'
数据字段缺失或格式错误 (尝试 3/3): 'vh_index'
数据字段缺失或格式错误 (尝试 1/3): 'vh_index'
数据字段缺失或格式错误 (尝试 2/3): 'vh_index'
数据字段缺失或格式错误 (尝试 3/3): 'vh_index'
数据字段缺失或格式错误 (尝试 1/3): 'vh_index'
JSON 解析失败 (尝试 2/3): Unterminated string starting at: line 5 column 21 (char 172)
JSON 解析失败 (尝试 3/3): Unterminated string starting at: line 5 column 21 (char 172)
JSON 解析失败 (尝试 1/3): Unterminated string starting at: line 5 column 21 (char 189)
JSON 解析失败 (尝试 2/3): Unterminated string starting at: line 5 column 21 (char 189)
JSON 解析失败 (尝试 3/3): Unterminated string starting at: line 5 column 21 (char 189)
数据字段缺失或格式错误 (尝试 1/3): 'vh_index'
数据字段缺失或格式错误 (尝试 2/3): 'vh_index'
数据字段缺失或格式错误 (尝试 3/3): 'vh_index'
数据字段缺失或格式错误 (尝试 1/3): 'vh_index'
数据字段缺失或格式错误 (尝试 1/3): 'vh_index'
数据字段缺失或格式错误 (尝试 2/3): 'vh_index'
数据字段缺失或格式错误 (尝试 3/3): 'vh_index'
数据字段缺失或格式错误 (尝试 1/3): 'vh_index'
数据字段缺失或格式错误 (尝试 2/3): 'vh_index'
数据字段缺失或格式错误 (尝试 3/3): 'vh_index'
JSON 解析失败 (尝试 1/3): Expecting value: line 6 column 24 (char 191)
JSON 解析失败 (尝试 2/3): Expecting value: line 6 column 24 (char 191)
JSON 解析失败 (尝试 3/3): Expecting value: line 6 column 24 (char 191)
JSON 解析失败 (尝试 1/3): Expecting ',' delimiter: line 6 column 32 (char 172)
JSON 解析失败 (尝试 2/3): Expecting ',' delimiter: line 6 column 32 (char 172)
JSON 解析失败 (尝试 3/3): Expecting ',' delimiter: line 6 column 32 (char 172)
JSON 解析失败 (尝试 1/3): Expecting ',' delimiter: line 6 column 32 (char 230)
数据字段缺失或格式错误 (尝试 1/3): 'vh_index'
数据字段缺失或格式错误 (尝试 1/3): 'vh_index'
数据字段缺失或格式错误 (尝试 2/3): 'vh_index'
数据字段缺失或格式错误 (尝试 3/3): 'vh_index'
数据字段缺失或格式错误 (尝试 1/3): 'vh_index'
数据字段缺失或格式错误 (尝试 2/3): 'vh_index'
数据字段缺失或格式错误 (尝试 3/3): 'vh_index'
数据字段缺失或格式错误 (尝试 1/3): 'vh_index'
数据字段缺失或格式错误 (尝试 2/3): 'ui_elements'
数据字段缺失或格式错误 (尝试 1/3): 'vh_index'
数据字段缺失或格式错误 (尝试 1/3): 'vh_index'
数据字段缺失或格式错误 (尝试 2/3): 'vh_index'
数据字段缺失或格式错误 (尝试 1/3): 'vh_index'
数据字段缺失或格式错误 (尝试 2/3): 'vh_index'
数据字段缺失或格式错误 (尝试 3/3): 'vh_index'
数据字段缺失或格式错误 (尝试 1/3): 'vh_index'
数据字段缺失或格式错误 (尝试 2/3): 'vh_index'
数据字段缺失或格式错误 (尝试 3/3): 'vh_index'
数据字段缺失或格式错误 (尝试 1/3): 'vh_index'
数据字段缺失或格式错误 (尝试 2/3): 'vh_index'
数据字段缺失或格式错误 (尝试 3/3): 'vh_index'
数据字段缺失或格式错误 (尝试 1/3): 'vh_index'
数据字段缺失或格式错误 (尝试 2/3): 'vh_index'
数据字段缺失或格式错误 (尝试 1/3): 'vh_index'
数据字段缺失或格式错误 (尝试 2/3): 'vh_index'
数据字段缺失或格式错误 (尝试 3/3): 'vh_index'
数据字段缺失或格式错误 (尝试 1/3): 'vh_index'
数据字段缺失或格式错误 (尝试 1/3): 'vh_index'
JSON 解析失败 (尝试 1/3): Expecting value: line 6 column 24 (char 354)
JSON 解析失败 (尝试 2/3): Unterminated string starting at: line 49 column 21 (char 1508)
JSON 解析失败 (尝试 3/3): Unterminated string starting at: line 49 column 21 (char 1508)
数据字段缺失或格式错误 (尝试 1/3): 'ui_elements'
数据字段缺失或格式错误 (尝试 1/3): 'ui_elements'
数据字段缺失或格式错误 (尝试 1/3): 'vh_index'
数据字段缺失或格式错误 (尝试 2/3): 'vh_index'
  5%|▍         | 412/8614 [22:40<6:13:05,  2.73s/it]
  5%|▍         | 413/8614 [22:41<5:04:55,  2.23s/it]
  5%|▍         | 414/8614 [22:46<6:58:02,  3.06s/it]
  5%|▍         | 415/8614 [22:48<6:15:34,  2.75s/it]
  5%|▍         | 416/8614 [22:56<10:12:14,  4.48s/it]
  5%|▍         | 417/8614 [23:03<11:28:32,  5.04s/it]
  5%|▍         | 418/8614 [23:04<8:47:06,  3.86s/it] 
  5%|▍         | 419/8614 [23:05<6:49:43,  3.00s/it]
  5%|▍         | 420/8614 [23:10<8:39:30,  3.80s/it]
  5%|▍         | 421/8614 [23:11<6:47:30,  2.98s/it]
  5%|▍         | 422/8614 [23:19<9:43:48,  4.28s/it]
  5%|▍         | 423/8614 [23:24<10:25:05,  4.58s/it]
  5%|▍         | 424/8614 [23:36<15:16:42,  6.72s/it]
  5%|▍         | 425/8614 [23:43<15:37:36,  6.87s/it]
  5%|▍         | 426/8614 [23:49<14:47:08,  6.50s/it]
  5%|▍         | 427/8614 [23:50<10:59:54,  4.84s/it]
  5%|▍         | 428/8614 [23:51<8:29:29,  3.73s/it] 
  5%|▍         | 429/8614 [24:02<13:37:13,  5.99s/it]
  5%|▍         | 430/8614 [24:03<10:28:07,  4.61s/it]
  5%|▌         | 431/8614 [24:09<11:17:15,  4.97s/it]
  5%|▌         | 432/8614 [24:10<8:35:39,  3.78s/it] 
  5%|▌         | 433/8614 [24:16<9:49:21,  4.32s/it]
  5%|▌         | 434/8614 [24:18<8:27:35,  3.72s/it]
  5%|▌         | 435/8614 [24:19<6:32:14,  2.88s/it]
  5%|▌         | 436/8614 [24:21<5:59:49,  2.64s/it]
  5%|▌         | 437/8614 [24:22<4:53:15,  2.15s/it]
  5%|▌         | 438/8614 [24:23<4:09:13,  1.83s/it]
  5%|▌         | 439/8614 [24:29<6:54:30,  3.04s/it]
  5%|▌         | 440/8614 [24:34<8:19:42,  3.67s/it]
  5%|▌         | 441/8614 [24:37<7:25:35,  3.27s/it]
  5%|▌         | 442/8614 [24:38<5:54:22,  2.60s/it]
  5%|▌         | 443/8614 [24:40<5:47:45,  2.55s/it]
  5%|▌         | 444/8614 [24:43<5:51:18,  2.58s/it]
  5%|▌         | 445/8614 [24:44<4:48:45,  2.12s/it]
  5%|▌         | 446/8614 [24:55<11:06:04,  4.89s/it]
  5%|▌         | 447/8614 [24:56<8:33:06,  3.77s/it] 
  5%|▌         | 448/8614 [24:58<6:54:35,  3.05s/it]
  5%|▌         | 449/8614 [24:59<5:29:48,  2.42s/it]
  5%|▌         | 450/8614 [25:04<7:51:34,  3.47s/it]
  5%|▌         | 451/8614 [25:05<6:09:30,  2.72s/it]
  5%|▌         | 452/8614 [25:06<4:57:40,  2.19s/it]
  5%|▌         | 453/8614 [25:13<7:45:12,  3.42s/it]
  5%|▌         | 454/8614 [25:14<6:04:09,  2.68s/it]
  5%|▌         | 455/8614 [25:20<8:32:41,  3.77s/it]
  5%|▌         | 456/8614 [25:22<7:31:56,  3.32s/it]
  5%|▌         | 457/8614 [25:23<5:58:00,  2.63s/it]
  5%|▌         | 458/8614 [25:29<8:11:53,  3.62s/it]
  5%|▌         | 459/8614 [25:30<6:29:44,  2.87s/it]
  5%|▌         | 460/8614 [25:36<8:26:43,  3.73s/it]
  5%|▌         | 461/8614 [25:37<6:45:37,  2.99s/it]
  5%|▌         | 462/8614 [25:43<8:41:59,  3.84s/it]
  5%|▌         | 463/8614 [25:46<7:52:17,  3.48s/it]
  5%|▌         | 464/8614 [25:48<7:01:05,  3.10s/it]
  5%|▌         | 465/8614 [25:49<5:39:45,  2.50s/it]
  5%|▌         | 466/8614 [25:50<4:41:47,  2.08s/it]
  5%|▌         | 467/8614 [25:56<7:09:24,  3.16s/it]
  5%|▌         | 468/8614 [25:57<5:44:54,  2.54s/it]
  5%|▌         | 469/8614 [25:58<4:45:27,  2.10s/it]
  5%|▌         | 470/8614 [26:00<4:51:53,  2.15s/it]
  5%|▌         | 471/8614 [26:02<4:48:04,  2.12s/it]
  5%|▌         | 472/8614 [26:04<4:46:19,  2.11s/it]
  5%|▌         | 473/8614 [26:06<4:36:58,  2.04s/it]
  6%|▌         | 474/8614 [26:16<10:01:46,  4.44s/it]
  6%|▌         | 475/8614 [26:22<10:55:09,  4.83s/it]
  6%|▌         | 476/8614 [26:28<11:46:53,  5.21s/it]
  6%|▌         | 477/8614 [26:33<11:38:35,  5.15s/it]
  6%|▌         | 478/8614 [26:38<11:45:41,  5.20s/it]
  6%|▌         | 479/8614 [26:46<13:20:04,  5.90s/it]
  6%|▌         | 480/8614 [26:52<13:23:42,  5.93s/it]
  6%|▌         | 481/8614 [26:53<10:07:38,  4.48s/it]
  6%|▌         | 482/8614 [26:54<7:50:49,  3.47s/it] 
  6%|▌         | 483/8614 [26:55<6:15:09,  2.77s/it]
  6%|▌         | 484/8614 [26:56<5:04:51,  2.25s/it]
  6%|▌         | 485/8614 [26:57<3:56:51,  1.75s/it]
  6%|▌         | 486/8614 [26:58<3:12:02,  1.42s/it]
  6%|▌         | 487/8614 [27:04<6:28:17,  2.87s/it]
  6%|▌         | 488/8614 [27:10<8:41:50,  3.85s/it]
  6%|▌         | 489/8614 [27:12<7:42:45,  3.42s/it]
  6%|▌         | 490/8614 [27:14<6:09:41,  2.73s/it]
  6%|▌         | 491/8614 [27:15<5:02:11,  2.23s/it]
  6%|▌         | 492/8614 [27:20<7:08:37,  3.17s/it]
  6%|▌         | 493/8614 [27:25<8:29:40,  3.77s/it]
  6%|▌         | 494/8614 [27:26<6:38:22,  2.94s/it]
  6%|▌         | 495/8614 [27:27<5:27:19,  2.42s/it]
  6%|▌         | 496/8614 [27:32<7:17:30,  3.23s/it]
  6%|▌         | 497/8614 [27:38<9:04:20,  4.02s/it]
数据字段缺失或格式错误 (尝试 3/3): 'vh_index'
数据字段缺失或格式错误 (尝试 1/3): 'vh_index'
数据字段缺失或格式错误 (尝试 2/3): 'vh_index'
数据字段缺失或格式错误 (尝试 3/3): 'vh_index'
数据字段缺失或格式错误 (尝试 1/3): 'vh_index'
JSON 解析失败 (尝试 1/3): Expecting ',' delimiter: line 6 column 32 (char 234)
JSON 解析失败 (尝试 2/3): Expecting ',' delimiter: line 6 column 32 (char 234)
JSON 解析失败 (尝试 3/3): Expecting ',' delimiter: line 6 column 32 (char 234)
数据字段缺失或格式错误 (尝试 1/3): 'vh_index'
数据字段缺失或格式错误 (尝试 2/3): 'vh_index'
数据字段缺失或格式错误 (尝试 3/3): 'vh_index'
数据字段缺失或格式错误 (尝试 1/3): 'vh_index'
数据字段缺失或格式错误 (尝试 2/3): 'vh_index'
数据字段缺失或格式错误 (尝试 3/3): 'vh_index'
数据字段缺失或格式错误 (尝试 1/3): 'vh_index'
数据字段缺失或格式错误 (尝试 2/3): 'vh_index'
数据字段缺失或格式错误 (尝试 3/3): 'vh_index'
数据字段缺失或格式错误 (尝试 1/3): 'vh_index'
数据字段缺失或格式错误 (尝试 2/3): 'vh_index'
数据字段缺失或格式错误 (尝试 3/3): 'vh_index'
JSON 解析失败 (尝试 1/3): Unterminated string starting at: line 5 column 21 (char 224)
JSON 解析失败 (尝试 2/3): Unterminated string starting at: line 5 column 21 (char 224)
JSON 解析失败 (尝试 3/3): Unterminated string starting at: line 5 column 21 (char 224)
数据字段缺失或格式错误 (尝试 1/3): 'vh_index'
数据字段缺失或格式错误 (尝试 2/3): 'vh_index'
数据字段缺失或格式错误 (尝试 3/3): 'vh_index'
数据字段缺失或格式错误 (尝试 1/3): 'vh_index'
数据字段缺失或格式错误 (尝试 2/3): 'vh_index'
数据字段缺失或格式错误 (尝试 3/3): 'vh_index'
JSON 解析失败 (尝试 1/3): Expecting ',' delimiter: line 42 column 26 (char 1759)
JSON 解析失败 (尝试 2/3): Expecting ',' delimiter: line 42 column 26 (char 1759)
JSON 解析失败 (尝试 3/3): Expecting ',' delimiter: line 42 column 26 (char 1759)
数据字段缺失或格式错误 (尝试 1/3): 'vh_index'
数据字段缺失或格式错误 (尝试 2/3): 'vh_index'
数据字段缺失或格式错误 (尝试 3/3): 'vh_index'
数据字段缺失或格式错误 (尝试 1/3): 'vh_index'
数据字段缺失或格式错误 (尝试 2/3): 'vh_index'
数据字段缺失或格式错误 (尝试 3/3): 'vh_index'
数据字段缺失或格式错误 (尝试 1/3): 'vh_index'
数据字段缺失或格式错误 (尝试 1/3): 'vh_index'
数据字段缺失或格式错误 (尝试 1/3): 'vh_index'
数据字段缺失或格式错误 (尝试 2/3): 'vh_index'
数据字段缺失或格式错误 (尝试 3/3): 'vh_index'
JSON 解析失败 (尝试 1/3): Expecting ',' delimiter: line 6 column 32 (char 157)
JSON 解析失败 (尝试 2/3): Expecting ',' delimiter: line 6 column 32 (char 157)
JSON 解析失败 (尝试 3/3): Expecting ',' delimiter: line 6 column 32 (char 157)
数据字段缺失或格式错误 (尝试 1/3): 'vh_index'
数据字段缺失或格式错误 (尝试 1/3): 'vh_index'
数据字段缺失或格式错误 (尝试 1/3): 'vh_index'
JSON 解析失败 (尝试 1/3): Unterminated string starting at: line 5 column 21 (char 99)
JSON 解析失败 (尝试 2/3): Unterminated string starting at: line 5 column 21 (char 99)
JSON 解析失败 (尝试 3/3): Unterminated string starting at: line 5 column 21 (char 99)
JSON 解析失败 (尝试 1/3): Expecting value: line 6 column 24 (char 197)
JSON 解析失败 (尝试 2/3): Expecting value: line 6 column 24 (char 197)
JSON 解析失败 (尝试 3/3): Expecting value: line 6 column 24 (char 197)
JSON 解析失败 (尝试 1/3): Expecting value: line 6 column 24 (char 197)
JSON 解析失败 (尝试 2/3): Expecting value: line 6 column 24 (char 197)
JSON 解析失败 (尝试 3/3): Expecting value: line 6 column 24 (char 197)
数据字段缺失或格式错误 (尝试 1/3): 'vh_index'
数据字段缺失或格式错误 (尝试 2/3): 'vh_index'
数据字段缺失或格式错误 (尝试 3/3): 'vh_index'
数据字段缺失或格式错误 (尝试 1/3): 'vh_index'
数据字段缺失或格式错误 (尝试 1/3): 'vh_index'
数据字段缺失或格式错误 (尝试 2/3): 'vh_index'
数据字段缺失或格式错误 (尝试 3/3): 'vh_index'
数据字段缺失或格式错误 (尝试 1/3): 'vh_index'
数据字段缺失或格式错误 (尝试 2/3): 'vh_index'
数据字段缺失或格式错误 (尝试 3/3): 'vh_index'
数据字段缺失或格式错误 (尝试 1/3): 'vh_index'
数据字段缺失或格式错误 (尝试 2/3): 'vh_index'
数据字段缺失或格式错误 (尝试 3/3): 'vh_index'
数据字段缺失或格式错误 (尝试 1/3): 'vh_index'
数据字段缺失或格式错误 (尝试 1/3): 'vh_index'
JSON 解析失败 (尝试 1/3): Invalid control character at: line 2 column 64 (char 65)
JSON 解析失败 (尝试 2/3): Invalid control character at: line 2 column 64 (char 65)
JSON 解析失败 (尝试 3/3): Invalid control character at: line 2 column 64 (char 65)
数据字段缺失或格式错误 (尝试 1/3): 'vh_index'
数据字段缺失或格式错误 (尝试 1/3): 'vh_index'
数据字段缺失或格式错误 (尝试 1/3): 'vh_index'
数据字段缺失或格式错误 (尝试 1/3): 'ui_elements'
JSON 解析失败 (尝试 1/3): Expecting value: line 6 column 24 (char 315)
JSON 解析失败 (尝试 2/3): Unterminated string starting at: line 50 column 21 (char 1593)
JSON 解析失败 (尝试 3/3): Unterminated string starting at: line 50 column 21 (char 1593)
数据字段缺失或格式错误 (尝试 1/3): 'vh_index'
数据字段缺失或格式错误 (尝试 2/3): 'vh_index'
数据字段缺失或格式错误 (尝试 3/3): 'vh_index'
数据字段缺失或格式错误 (尝试 1/3): 'vh_index'
数据字段缺失或格式错误 (尝试 2/3): 'vh_index'
数据字段缺失或格式错误 (尝试 3/3): 'vh_index'
数据字段缺失或格式错误 (尝试 1/3): 'vh_index'
数据字段缺失或格式错误 (尝试 2/3): 'vh_index'
数据字段缺失或格式错误 (尝试 3/3): 'vh_index'
数据字段缺失或格式错误 (尝试 1/3): 'vh_index'
数据字段缺失或格式错误 (尝试 2/3): 'vh_index'
数据字段缺失或格式错误 (尝试 3/3): 'vh_index'
JSON 解析失败 (尝试 1/3): Unterminated string starting at: line 45 column 21 (char 1265)
数据字段缺失或格式错误 (尝试 2/3): 'vh_index'
数据字段缺失或格式错误 (尝试 3/3): 'vh_index'
数据字段缺失或格式错误 (尝试 1/3): 'vh_index'
数据字段缺失或格式错误 (尝试 2/3): 'vh_index'
数据字段缺失或格式错误 (尝试 3/3): 'vh_index'
数据字段缺失或格式错误 (尝试 1/3): 'vh_index'
数据字段缺失或格式错误 (尝试 2/3): 'vh_index'
数据字段缺失或格式错误 (尝试 3/3): 'vh_index'
数据字段缺失或格式错误 (尝试 1/3): 'vh_index'
数据字段缺失或格式错误 (尝试 2/3): 'vh_index'
数据字段缺失或格式错误 (尝试 3/3): 'vh_index'
数据字段缺失或格式错误 (尝试 1/3): 'vh_index'
JSON 解析失败 (尝试 1/3): Expecting ',' delimiter: line 6 column 32 (char 324)
JSON 解析失败 (尝试 2/3): Expecting ',' delimiter: line 6 column 32 (char 324)
JSON 解析失败 (尝试 3/3): Expecting ',' delimiter: line 6 column 32 (char 324)
数据字段缺失或格式错误 (尝试 1/3): 'vh_index'
数据字段缺失或格式错误 (尝试 2/3): 'vh_index'
数据字段缺失或格式错误 (尝试 3/3): 'vh_index'
数据字段缺失或格式错误 (尝试 1/3): 'vh_index'
数据字段缺失或格式错误 (尝试 2/3): 'vh_index'
数据字段缺失或格式错误 (尝试 3/3): 'vh_index'
JSON 解析失败 (尝试 1/3): Expecting ',' delimiter: line 6 column 32 (char 235)
JSON 解析失败 (尝试 2/3): Expecting ',' delimiter: line 6 column 32 (char 235)
JSON 解析失败 (尝试 3/3): Expecting ',' delimiter: line 6 column 32 (char 235)
JSON 解析失败 (尝试 1/3): Expecting ',' delimiter: line 6 column 32 (char 257)
JSON 解析失败 (尝试 2/3): Expecting ',' delimiter: line 6 column 32 (char 257)
JSON 解析失败 (尝试 3/3): Expecting ',' delimiter: line 6 column 32 (char 257)
  6%|▌         | 498/8614 [27:44<10:04:48,  4.47s/it]
  6%|▌         | 499/8614 [27:45<7:45:32,  3.44s/it] 
  6%|▌         | 500/8614 [27:46<6:03:44,  2.69s/it]
  6%|▌         | 501/8614 [27:48<5:34:13,  2.47s/it]
  6%|▌         | 502/8614 [27:51<5:46:59,  2.57s/it]
  6%|▌         | 503/8614 [27:52<4:47:18,  2.13s/it]
  6%|▌         | 504/8614 [27:53<4:02:10,  1.79s/it]
  6%|▌         | 505/8614 [27:54<3:33:53,  1.58s/it]
  6%|▌         | 506/8614 [27:55<3:13:11,  1.43s/it]
  6%|▌         | 507/8614 [27:56<2:56:30,  1.31s/it]
  6%|▌         | 508/8614 [27:57<2:43:41,  1.21s/it]
  6%|▌         | 509/8614 [28:03<6:19:24,  2.81s/it]
  6%|▌         | 510/8614 [28:04<5:05:21,  2.26s/it]
  6%|▌         | 511/8614 [28:11<7:44:55,  3.44s/it]
  6%|▌         | 512/8614 [28:16<9:07:31,  4.05s/it]
  6%|▌         | 513/8614 [28:17<7:07:54,  3.17s/it]
  6%|▌         | 514/8614 [28:24<9:42:16,  4.31s/it]
  6%|▌         | 515/8614 [28:27<8:40:18,  3.85s/it]
  6%|▌         | 516/8614 [28:33<9:49:34,  4.37s/it]
  6%|▌         | 517/8614 [28:34<7:39:38,  3.41s/it]
  6%|▌         | 518/8614 [28:35<6:03:53,  2.70s/it]
  6%|▌         | 519/8614 [28:40<8:07:26,  3.61s/it]
  6%|▌         | 520/8614 [28:42<6:23:35,  2.84s/it]
  6%|▌         | 521/8614 [28:43<5:14:43,  2.33s/it]
  6%|▌         | 522/8614 [28:44<4:31:47,  2.02s/it]
  6%|▌         | 523/8614 [28:49<6:47:46,  3.02s/it]
  6%|▌         | 524/8614 [28:55<8:34:41,  3.82s/it]
  6%|▌         | 525/8614 [28:56<6:43:01,  2.99s/it]
  6%|▌         | 526/8614 [28:57<5:25:34,  2.42s/it]
  6%|▌         | 527/8614 [28:58<4:31:34,  2.01s/it]
  6%|▌         | 528/8614 [28:59<3:53:10,  1.73s/it]
  6%|▌         | 529/8614 [29:00<3:32:52,  1.58s/it]
  6%|▌         | 530/8614 [29:01<3:05:33,  1.38s/it]
  6%|▌         | 531/8614 [29:05<4:26:45,  1.98s/it]
  6%|▌         | 532/8614 [29:11<7:12:29,  3.21s/it]
  6%|▌         | 533/8614 [29:17<9:29:36,  4.23s/it]
  6%|▌         | 534/8614 [29:18<7:19:20,  3.26s/it]
  6%|▌         | 535/8614 [29:28<11:47:29,  5.25s/it]
  6%|▌         | 536/8614 [29:29<8:56:40,  3.99s/it] 
  6%|▌         | 537/8614 [29:30<6:55:59,  3.09s/it]
  6%|▌         | 538/8614 [29:31<5:33:36,  2.48s/it]
  6%|▋         | 539/8614 [29:32<4:32:00,  2.02s/it]
  6%|▋         | 540/8614 [29:38<6:38:40,  2.96s/it]
  6%|▋         | 541/8614 [29:43<8:21:05,  3.72s/it]
  6%|▋         | 542/8614 [29:44<6:33:40,  2.93s/it]
  6%|▋         | 543/8614 [29:51<8:55:57,  3.98s/it]
  6%|▋         | 544/8614 [29:56<9:57:47,  4.44s/it]
  6%|▋         | 545/8614 [30:01<10:24:53,  4.65s/it]
  6%|▋         | 546/8614 [30:02<8:01:06,  3.58s/it] 
  6%|▋         | 547/8614 [30:03<6:23:29,  2.85s/it]
  6%|▋         | 548/8614 [30:05<5:12:31,  2.32s/it]
  6%|▋         | 549/8614 [30:10<7:22:09,  3.29s/it]
  6%|▋         | 550/8614 [30:16<8:52:38,  3.96s/it]
  6%|▋         | 551/8614 [30:17<6:56:05,  3.10s/it]
  6%|▋         | 552/8614 [30:18<5:36:50,  2.51s/it]
  6%|▋         | 553/8614 [30:19<4:37:34,  2.07s/it]
  6%|▋         | 554/8614 [30:24<6:46:46,  3.03s/it]
  6%|▋         | 555/8614 [30:30<8:28:34,  3.79s/it]
  6%|▋         | 556/8614 [30:35<9:43:14,  4.34s/it]
  6%|▋         | 557/8614 [30:40<10:12:27,  4.56s/it]
  6%|▋         | 558/8614 [30:41<7:48:53,  3.49s/it] 
  6%|▋         | 559/8614 [30:52<12:19:30,  5.51s/it]
  7%|▋         | 560/8614 [30:57<12:25:39,  5.55s/it]
  7%|▋         | 561/8614 [31:03<12:22:39,  5.53s/it]
  7%|▋         | 562/8614 [31:04<9:28:22,  4.24s/it] 
  7%|▋         | 563/8614 [31:05<7:09:35,  3.20s/it]
  7%|▋         | 564/8614 [31:10<8:30:43,  3.81s/it]
  7%|▋         | 565/8614 [31:11<6:33:31,  2.93s/it]
  7%|▋         | 566/8614 [31:12<5:12:43,  2.33s/it]
  7%|▋         | 567/8614 [31:13<4:36:25,  2.06s/it]
  7%|▋         | 568/8614 [31:14<3:56:09,  1.76s/it]
  7%|▋         | 569/8614 [31:22<7:51:58,  3.52s/it]
  7%|▋         | 570/8614 [31:23<6:16:03,  2.80s/it]
  7%|▋         | 571/8614 [31:24<5:07:23,  2.29s/it]
  7%|▋         | 572/8614 [31:26<4:42:13,  2.11s/it]
  7%|▋         | 573/8614 [31:38<11:10:15,  5.00s/it]
  7%|▋         | 574/8614 [31:49<15:41:03,  7.02s/it]
  7%|▋         | 575/8614 [31:50<11:40:39,  5.23s/it]
  7%|▋         | 576/8614 [31:51<8:52:33,  3.98s/it] 
  7%|▋         | 577/8614 [31:52<6:56:21,  3.11s/it]
  7%|▋         | 578/8614 [31:54<5:33:18,  2.49s/it]
  7%|▋         | 579/8614 [31:55<4:37:47,  2.07s/it]
  7%|▋         | 580/8614 [31:56<4:02:13,  1.81s/it]
  7%|▋         | 581/8614 [31:57<3:28:01,  1.55s/it]
  7%|▋         | 582/8614 [31:58<3:10:17,  1.42s/it]
  7%|▋         | 583/8614 [31:59<2:54:37,  1.30s/it]
  7%|▋         | 584/8614 [32:01<3:20:43,  1.50s/it]
  7%|▋         | 585/8614 [32:03<3:40:58,  1.65s/it]
  7%|▋         | 586/8614 [32:04<3:26:15,  1.54s/it]
  7%|▋         | 587/8614 [32:07<3:59:56,  1.79s/it]
  7%|▋         | 588/8614 [32:08<3:31:44,  1.58s/it]
  7%|▋         | 589/8614 [32:10<3:53:19,  1.74s/it]
  7%|▋         | 590/8614 [32:16<6:48:55,  3.06s/it]
  7%|▋         | 591/8614 [32:17<5:28:51,  2.46s/it]
  7%|▋         | 592/8614 [32:18<4:28:40,  2.01s/it]
  7%|▋         | 593/8614 [32:20<4:47:33,  2.15s/it]
  7%|▋         | 594/8614 [32:21<3:58:27,  1.78s/it]
  7%|▋         | 595/8614 [32:27<6:27:44,  2.90s/it]
  7%|▋         | 596/8614 [32:28<5:18:59,  2.39s/it]
  7%|▋         | 597/8614 [32:34<7:35:48,  3.41s/it]
  7%|▋         | 598/8614 [32:39<8:39:57,  3.89s/it]
  7%|▋         | 599/8614 [32:40<6:41:54,  3.01s/it]
  7%|▋         | 600/8614 [32:41<5:25:05,  2.43s/it]
  7%|▋         | 601/8614 [32:47<7:32:43,  3.39s/it]
  7%|▋         | 602/8614 [32:58<12:47:57,  5.75s/it]
  7%|▋         | 603/8614 [33:04<13:13:08,  5.94s/it]
  7%|▋         | 604/8614 [33:05<10:02:11,  4.51s/it]
  7%|▋         | 605/8614 [33:07<7:49:46,  3.52s/it] 
  7%|▋         | 606/8614 [33:08<6:09:31,  2.77s/it]
  7%|▋         | 607/8614 [33:09<4:58:58,  2.24s/it]
  7%|▋         | 608/8614 [33:10<4:08:00,  1.86s/it]
  7%|▋         | 609/8614 [33:11<3:41:27,  1.66s/it]
  7%|▋         | 610/8614 [33:12<3:17:37,  1.48s/it]
  7%|▋         | 611/8614 [33:13<2:55:10,  1.31s/it]
  7%|▋         | 612/8614 [33:24<9:54:25,  4.46s/it]
  7%|▋         | 613/8614 [33:26<7:40:34,  3.45s/it]
  7%|▋         | 614/8614 [33:27<6:01:48,  2.71s/it]
  7%|▋         | 615/8614 [33:28<4:55:41,  2.22s/it]
  7%|▋         | 616/8614 [33:29<4:09:13,  1.87s/it]
  7%|▋         | 617/8614 [33:35<6:57:45,  3.13s/it]
数据字段缺失或格式错误 (尝试 1/3): 'ui_elements'
数据字段缺失或格式错误 (尝试 1/3): 'vh_index'
数据字段缺失或格式错误 (尝试 1/3): 'vh_index'
数据字段缺失或格式错误 (尝试 2/3): 'vh_index'
数据字段缺失或格式错误 (尝试 3/3): 'vh_index'
数据字段缺失或格式错误 (尝试 1/3): 'vh_index'
数据字段缺失或格式错误 (尝试 2/3): 'vh_index'
数据字段缺失或格式错误 (尝试 3/3): 'vh_index'
数据字段缺失或格式错误 (尝试 1/3): 'vh_index'
数据字段缺失或格式错误 (尝试 1/3): 'vh_index'
数据字段缺失或格式错误 (尝试 2/3): 'vh_index'
数据字段缺失或格式错误 (尝试 3/3): 'vh_index'
数据字段缺失或格式错误 (尝试 1/3): 'vh_index'
数据字段缺失或格式错误 (尝试 1/3): 'vh_index'
数据字段缺失或格式错误 (尝试 2/3): 'vh_index'
数据字段缺失或格式错误 (尝试 3/3): 'vh_index'
数据字段缺失或格式错误 (尝试 1/3): 'vh_index'
数据字段缺失或格式错误 (尝试 2/3): 'vh_index'
数据字段缺失或格式错误 (尝试 3/3): 'vh_index'
数据字段缺失或格式错误 (尝试 1/3): 'vh_index'
数据字段缺失或格式错误 (尝试 2/3): 'vh_index'
数据字段缺失或格式错误 (尝试 3/3): 'vh_index'
数据字段缺失或格式错误 (尝试 1/3): 'vh_index'
数据字段缺失或格式错误 (尝试 2/3): 'vh_index'
数据字段缺失或格式错误 (尝试 3/3): 'vh_index'
数据字段缺失或格式错误 (尝试 1/3): 'vh_index'
数据字段缺失或格式错误 (尝试 1/3): 'vh_index'
数据字段缺失或格式错误 (尝试 2/3): 'vh_index'
数据字段缺失或格式错误 (尝试 3/3): 'vh_index'
数据字段缺失或格式错误 (尝试 1/3): 'vh_index'
数据字段缺失或格式错误 (尝试 2/3): 'vh_index'
数据字段缺失或格式错误 (尝试 3/3): 'vh_index'
数据字段缺失或格式错误 (尝试 1/3): 'vh_index'
JSON 解析失败 (尝试 2/3): Unterminated string starting at: line 9 column 21 (char 279)
JSON 解析失败 (尝试 3/3): Unterminated string starting at: line 9 column 21 (char 279)
JSON 解析失败 (尝试 1/3): Invalid control character at: line 2 column 63 (char 64)
JSON 解析失败 (尝试 2/3): Invalid control character at: line 2 column 63 (char 64)
JSON 解析失败 (尝试 3/3): Invalid control character at: line 2 column 63 (char 64)
数据字段缺失或格式错误 (尝试 1/3): 'vh_index'
数据字段缺失或格式错误 (尝试 2/3): 'vh_index'
数据字段缺失或格式错误 (尝试 3/3): 'vh_index'
JSON 解析失败 (尝试 1/3): Expecting value: line 6 column 24 (char 215)
JSON 解析失败 (尝试 2/3): Expecting value: line 6 column 24 (char 215)
JSON 解析失败 (尝试 3/3): Expecting value: line 6 column 24 (char 215)
数据字段缺失或格式错误 (尝试 1/3): 'vh_index'
数据字段缺失或格式错误 (尝试 2/3): 'vh_index'
数据字段缺失或格式错误 (尝试 3/3): 'vh_index'
数据字段缺失或格式错误 (尝试 1/3): 'vh_index'
数据字段缺失或格式错误 (尝试 2/3): 'vh_index'
数据字段缺失或格式错误 (尝试 3/3): 'vh_index'
数据字段缺失或格式错误 (尝试 1/3): 'vh_index'
数据字段缺失或格式错误 (尝试 2/3): 'vh_index'
数据字段缺失或格式错误 (尝试 3/3): 'vh_index'
数据字段缺失或格式错误 (尝试 1/3): 'vh_index'
数据字段缺失或格式错误 (尝试 2/3): 'vh_index'
数据字段缺失或格式错误 (尝试 3/3): 'vh_index'
数据字段缺失或格式错误 (尝试 1/3): 'vh_index'
数据字段缺失或格式错误 (尝试 2/3): 'vh_index'
数据字段缺失或格式错误 (尝试 3/3): 'vh_index'
数据字段缺失或格式错误 (尝试 1/3): 'vh_index'
数据字段缺失或格式错误 (尝试 2/3): 'vh_index'
数据字段缺失或格式错误 (尝试 3/3): 'vh_index'
数据字段缺失或格式错误 (尝试 1/3): 'vh_index'
数据字段缺失或格式错误 (尝试 2/3): 'vh_index'
数据字段缺失或格式错误 (尝试 3/3): 'vh_index'
数据字段缺失或格式错误 (尝试 1/3): 'vh_index'
数据字段缺失或格式错误 (尝试 2/3): 'vh_index'
数据字段缺失或格式错误 (尝试 3/3): 'vh_index'
数据字段缺失或格式错误 (尝试 1/3): 'vh_index'
数据字段缺失或格式错误 (尝试 2/3): 'vh_index'
数据字段缺失或格式错误 (尝试 3/3): 'vh_index'
数据字段缺失或格式错误 (尝试 1/3): 'vh_index'
数据字段缺失或格式错误 (尝试 2/3): 'vh_index'
数据字段缺失或格式错误 (尝试 3/3): 'vh_index'
数据字段缺失或格式错误 (尝试 1/3): 'vh_index'
数据字段缺失或格式错误 (尝试 2/3): 'vh_index'
数据字段缺失或格式错误 (尝试 3/3): 'vh_index'
JSON 解析失败 (尝试 1/3): Expecting ',' delimiter: line 6 column 32 (char 173)
JSON 解析失败 (尝试 2/3): Expecting ',' delimiter: line 6 column 32 (char 173)
JSON 解析失败 (尝试 3/3): Expecting ',' delimiter: line 6 column 32 (char 173)
数据字段缺失或格式错误 (尝试 1/3): 'vh_index'
数据字段缺失或格式错误 (尝试 2/3): 'vh_index'
数据字段缺失或格式错误 (尝试 3/3): 'vh_index'
JSON 解析失败 (尝试 1/3): Unterminated string starting at: line 53 column 21 (char 1391)
JSON 解析失败 (尝试 2/3): Expecting ',' delimiter: line 54 column 29 (char 1423)
JSON 解析失败 (尝试 3/3): Expecting ',' delimiter: line 54 column 29 (char 1423)
JSON 解析失败 (尝试 1/3): Expecting value: line 41 column 20 (char 1152)
JSON 解析失败 (尝试 2/3): Unterminated string starting at: line 37 column 21 (char 1043)
JSON 解析失败 (尝试 3/3): Unterminated string starting at: line 37 column 21 (char 1043)
数据字段缺失或格式错误 (尝试 1/3): 'vh_index'
数据字段缺失或格式错误 (尝试 1/3): 'vh_index'
数据字段缺失或格式错误 (尝试 1/3): 'vh_index'
数据字段缺失或格式错误 (尝试 1/3): 'vh_index'
数据字段缺失或格式错误 (尝试 1/3): 'vh_index'
数据字段缺失或格式错误 (尝试 2/3): 'vh_index'
数据字段缺失或格式错误 (尝试 3/3): 'vh_index'
数据字段缺失或格式错误 (尝试 1/3): 'vh_index'
数据字段缺失或格式错误 (尝试 1/3): 'vh_index'
数据字段缺失或格式错误 (尝试 2/3): 'vh_index'
数据字段缺失或格式错误 (尝试 3/3): 'vh_index'
JSON 解析失败 (尝试 1/3): Expecting ',' delimiter: line 6 column 34 (char 214)
JSON 解析失败 (尝试 2/3): Expecting ',' delimiter: line 6 column 34 (char 214)
JSON 解析失败 (尝试 3/3): Expecting ',' delimiter: line 6 column 34 (char 214)
数据字段缺失或格式错误 (尝试 1/3): 'vh_index'
数据字段缺失或格式错误 (尝试 2/3): 'vh_index'
数据字段缺失或格式错误 (尝试 3/3): 'vh_index'
数据字段缺失或格式错误 (尝试 1/3): 'vh_index'
数据字段缺失或格式错误 (尝试 2/3): 'vh_index'
数据字段缺失或格式错误 (尝试 3/3): 'vh_index'
JSON 解析失败 (尝试 1/3): Unterminated string starting at: line 50 column 21 (char 1433)
JSON 解析失败 (尝试 2/3): Unterminated string starting at: line 10 column 21 (char 422)
JSON 解析失败 (尝试 3/3): Unterminated string starting at: line 10 column 21 (char 422)
JSON 解析失败 (尝试 1/3): Expecting ',' delimiter: line 6 column 31 (char 251)
JSON 解析失败 (尝试 2/3): Expecting ',' delimiter: line 6 column 31 (char 251)
JSON 解析失败 (尝试 3/3): Expecting ',' delimiter: line 6 column 31 (char 251)
JSON 解析失败 (尝试 1/3): Expecting ',' delimiter: line 42 column 33 (char 1215)
JSON 解析失败 (尝试 2/3): Expecting ',' delimiter: line 42 column 33 (char 1215)
JSON 解析失败 (尝试 3/3): Expecting ',' delimiter: line 42 column 33 (char 1215)
JSON 解析失败 (尝试 1/3): Invalid control character at: line 2 column 99 (char 100)
JSON 解析失败 (尝试 2/3): Invalid control character at: line 2 column 99 (char 100)
JSON 解析失败 (尝试 3/3): Invalid control character at: line 2 column 99 (char 100)
JSON 解析失败 (尝试 1/3): Invalid control character at: line 2 column 99 (char 100)
JSON 解析失败 (尝试 2/3): Invalid control character at: line 2 column 99 (char 100)
  7%|▋         | 618/8614 [33:41<8:56:54,  4.03s/it]
  7%|▋         | 619/8614 [33:47<10:00:11,  4.50s/it]
  7%|▋         | 620/8614 [33:48<7:39:38,  3.45s/it] 
  7%|▋         | 621/8614 [33:53<8:53:03,  4.00s/it]
  7%|▋         | 622/8614 [33:54<6:51:59,  3.09s/it]
  7%|▋         | 623/8614 [33:58<7:20:12,  3.31s/it]
  7%|▋         | 624/8614 [34:03<8:44:17,  3.94s/it]
  7%|▋         | 625/8614 [34:15<13:54:08,  6.26s/it]
  7%|▋         | 626/8614 [34:16<10:23:01,  4.68s/it]
  7%|▋         | 627/8614 [34:22<11:15:26,  5.07s/it]
  7%|▋         | 628/8614 [34:23<8:40:10,  3.91s/it] 
  7%|▋         | 629/8614 [34:29<9:55:47,  4.48s/it]
  7%|▋         | 630/8614 [34:38<13:12:37,  5.96s/it]
  7%|▋         | 631/8614 [34:44<12:59:24,  5.86s/it]
  7%|▋         | 632/8614 [34:45<9:42:58,  4.38s/it] 
  7%|▋         | 633/8614 [34:50<10:36:09,  4.78s/it]
  7%|▋         | 634/8614 [34:51<8:04:03,  3.64s/it] 
  7%|▋         | 635/8614 [34:52<6:21:13,  2.87s/it]
  7%|▋         | 636/8614 [34:58<8:23:32,  3.79s/it]
  7%|▋         | 637/8614 [34:59<6:31:04,  2.94s/it]
  7%|▋         | 638/8614 [35:05<8:09:24,  3.68s/it]
  7%|▋         | 639/8614 [35:10<9:32:32,  4.31s/it]
  7%|▋         | 640/8614 [35:16<10:30:06,  4.74s/it]
  7%|▋         | 641/8614 [35:18<8:12:27,  3.71s/it] 
  7%|▋         | 642/8614 [35:29<13:31:34,  6.11s/it]
  7%|▋         | 643/8614 [35:34<12:54:11,  5.83s/it]
  7%|▋         | 644/8614 [35:40<12:37:15,  5.70s/it]
  7%|▋         | 645/8614 [35:41<9:34:47,  4.33s/it] 
  7%|▋         | 646/8614 [35:43<8:24:40,  3.80s/it]
  8%|▊         | 647/8614 [35:50<9:57:25,  4.50s/it]
  8%|▊         | 648/8614 [35:55<10:37:14,  4.80s/it]
  8%|▊         | 649/8614 [36:02<11:51:30,  5.36s/it]
  8%|▊         | 650/8614 [36:04<9:42:36,  4.39s/it] 
  8%|▊         | 651/8614 [36:06<7:52:26,  3.56s/it]
  8%|▊         | 652/8614 [36:09<7:36:10,  3.44s/it]
  8%|▊         | 653/8614 [36:10<5:57:31,  2.69s/it]
  8%|▊         | 654/8614 [36:15<7:53:04,  3.57s/it]
  8%|▊         | 655/8614 [36:27<13:17:12,  6.01s/it]
  8%|▊         | 656/8614 [36:28<9:57:29,  4.50s/it] 
  8%|▊         | 657/8614 [36:31<8:53:17,  4.02s/it]
  8%|▊         | 658/8614 [36:32<7:01:35,  3.18s/it]
  8%|▊         | 659/8614 [36:33<5:33:44,  2.52s/it]
  8%|▊         | 660/8614 [36:36<5:46:26,  2.61s/it]
  8%|▊         | 661/8614 [36:37<4:45:57,  2.16s/it]
  8%|▊         | 662/8614 [36:38<4:04:31,  1.85s/it]
  8%|▊         | 663/8614 [36:39<3:39:44,  1.66s/it]
  8%|▊         | 664/8614 [36:42<4:25:13,  2.00s/it]
  8%|▊         | 665/8614 [36:43<3:48:38,  1.73s/it]
  8%|▊         | 666/8614 [36:44<3:19:47,  1.51s/it]
  8%|▊         | 667/8614 [36:51<6:55:17,  3.14s/it]
  8%|▊         | 668/8614 [36:57<8:45:57,  3.97s/it]
  8%|▊         | 669/8614 [36:59<7:24:26,  3.36s/it]
  8%|▊         | 670/8614 [37:10<12:10:07,  5.51s/it]
  8%|▊         | 671/8614 [37:18<14:09:28,  6.42s/it]
  8%|▊         | 672/8614 [37:24<14:02:43,  6.37s/it]
  8%|▊         | 673/8614 [37:25<10:30:06,  4.76s/it]
  8%|▊         | 674/8614 [37:26<7:59:52,  3.63s/it] 
  8%|▊         | 675/8614 [37:30<8:00:15,  3.63s/it]
  8%|▊         | 676/8614 [37:32<7:12:23,  3.27s/it]
  8%|▊         | 677/8614 [37:38<9:01:20,  4.09s/it]
  8%|▊         | 678/8614 [37:50<14:02:50,  6.37s/it]
  8%|▊         | 679/8614 [37:55<13:01:02,  5.91s/it]
  8%|▊         | 680/8614 [37:58<10:54:57,  4.95s/it]
  8%|▊         | 681/8614 [38:03<11:23:44,  5.17s/it]
  8%|▊         | 682/8614 [38:15<15:42:35,  7.13s/it]
  8%|▊         | 683/8614 [38:16<11:55:55,  5.42s/it]
  8%|▊         | 684/8614 [38:18<9:40:24,  4.39s/it] 
  8%|▊         | 685/8614 [38:24<10:08:56,  4.61s/it]
  8%|▊         | 686/8614 [38:29<10:30:58,  4.78s/it]
  8%|▊         | 687/8614 [38:34<10:50:02,  4.92s/it]
  8%|▊         | 688/8614 [38:36<9:01:05,  4.10s/it] 
  8%|▊         | 689/8614 [38:43<11:03:53,  5.03s/it]
  8%|▊         | 690/8614 [38:55<15:32:39,  7.06s/it]
  8%|▊         | 691/8614 [38:56<11:35:23,  5.27s/it]
JSON 解析失败 (尝试 3/3): Invalid control character at: line 2 column 99 (char 100)
数据字段缺失或格式错误 (尝试 1/3): 'vh_index'
数据字段缺失或格式错误 (尝试 2/3): 'vh_index'
数据字段缺失或格式错误 (尝试 3/3): 'vh_index'
JSON 解析失败 (尝试 1/3): Invalid control character at: line 2 column 36 (char 37)
JSON 解析失败 (尝试 2/3): Invalid control character at: line 2 column 36 (char 37)
JSON 解析失败 (尝试 3/3): Invalid control character at: line 2 column 36 (char 37)
数据字段缺失或格式错误 (尝试 1/3): 'vh_index'
数据字段缺失或格式错误 (尝试 2/3): 'vh_index'
JSON 解析失败 (尝试 1/3): Invalid control character at: line 2 column 46 (char 47)
JSON 解析失败 (尝试 2/3): Invalid control character at: line 2 column 46 (char 47)
JSON 解析失败 (尝试 3/3): Invalid control character at: line 2 column 46 (char 47)
JSON 解析失败 (尝试 1/3): Expecting value: line 46 column 39 (char 1489)
JSON 解析失败 (尝试 2/3): Expecting value: line 46 column 39 (char 1489)
JSON 解析失败 (尝试 3/3): Expecting value: line 46 column 39 (char 1489)
JSON 解析失败 (尝试 1/3): Invalid control character at: line 2 column 50 (char 51)
JSON 解析失败 (尝试 2/3): Invalid control character at: line 2 column 50 (char 51)
JSON 解析失败 (尝试 3/3): Invalid control character at: line 2 column 50 (char 51)
数据字段缺失或格式错误 (尝试 1/3): 'vh_index'
数据字段缺失或格式错误 (尝试 2/3): 'vh_index'
数据字段缺失或格式错误 (尝试 3/3): 'vh_index'
JSON 解析失败 (尝试 1/3): Expecting ',' delimiter: line 14 column 32 (char 504)
数据字段缺失或格式错误 (尝试 2/3): 'vh_index'
数据字段缺失或格式错误 (尝试 3/3): 'vh_index'
数据字段缺失或格式错误 (尝试 1/3): 'vh_index'
数据字段缺失或格式错误 (尝试 2/3): 'vh_index'
数据字段缺失或格式错误 (尝试 3/3): 'vh_index'
数据字段缺失或格式错误 (尝试 1/3): 'vh_index'
数据字段缺失或格式错误 (尝试 2/3): 'vh_index'
数据字段缺失或格式错误 (尝试 3/3): 'vh_index'
数据字段缺失或格式错误 (尝试 1/3): 'vh_index'
数据字段缺失或格式错误 (尝试 2/3): 'vh_index'
数据字段缺失或格式错误 (尝试 3/3): 'vh_index'
数据字段缺失或格式错误 (尝试 1/3): 'vh_index'
数据字段缺失或格式错误 (尝试 2/3): 'vh_index'
数据字段缺失或格式错误 (尝试 3/3): 'vh_index'
数据字段缺失或格式错误 (尝试 1/3): 'vh_index'
数据字段缺失或格式错误 (尝试 2/3): 'vh_index'
数据字段缺失或格式错误 (尝试 3/3): 'vh_index'
数据字段缺失或格式错误 (尝试 1/3): 'vh_index'
数据字段缺失或格式错误 (尝试 2/3): 'vh_index'
数据字段缺失或格式错误 (尝试 3/3): 'vh_index'
JSON 解析失败 (尝试 1/3): Unterminated string starting at: line 35 column 13 (char 1489)
JSON 解析失败 (尝试 2/3): Unterminated string starting at: line 35 column 13 (char 1489)
JSON 解析失败 (尝试 3/3): Unterminated string starting at: line 35 column 13 (char 1489)
数据字段缺失或格式错误 (尝试 1/3): 'vh_index'
数据字段缺失或格式错误 (尝试 2/3): 'vh_index'
数据字段缺失或格式错误 (尝试 3/3): 'vh_index'
数据字段缺失或格式错误 (尝试 1/3): 'vh_index'
数据字段缺失或格式错误 (尝试 2/3): 'vh_index'
数据字段缺失或格式错误 (尝试 3/3): 'vh_index'
数据字段缺失或格式错误 (尝试 1/3): 'vh_index'
数据字段缺失或格式错误 (尝试 1/3): 'vh_index'
数据字段缺失或格式错误 (尝试 2/3): 'vh_index'
数据字段缺失或格式错误 (尝试 3/3): 'vh_index'
数据字段缺失或格式错误 (尝试 1/3): 'vh_index'
数据字段缺失或格式错误 (尝试 2/3): 'vh_index'
数据字段缺失或格式错误 (尝试 3/3): 'vh_index'
数据字段缺失或格式错误 (尝试 1/3): 'vh_index'
数据字段缺失或格式错误 (尝试 2/3): 'vh_index'
数据字段缺失或格式错误 (尝试 3/3): 'vh_index'
数据字段缺失或格式错误 (尝试 1/3): 'vh_index'
数据字段缺失或格式错误 (尝试 1/3): 'vh_index'
数据字段缺失或格式错误 (尝试 1/3): 'vh_index'
数据字段缺失或格式错误 (尝试 2/3): 'vh_index'
数据字段缺失或格式错误 (尝试 3/3): 'vh_index'
JSON 解析失败 (尝试 1/3): Expecting value: line 6 column 24 (char 385)
JSON 解析失败 (尝试 2/3): Expecting value: line 6 column 24 (char 385)
JSON 解析失败 (尝试 3/3): Expecting value: line 6 column 24 (char 385)
JSON 解析失败 (尝试 1/3): Expecting value: line 6 column 24 (char 301)
数据字段缺失或格式错误 (尝试 1/3): 'vh_index'
数据字段缺失或格式错误 (尝试 1/3): 'vh_index'
数据字段缺失或格式错误 (尝试 1/3): 'vh_index'
数据字段缺失或格式错误 (尝试 2/3): 'vh_index'
数据字段缺失或格式错误 (尝试 3/3): 'vh_index'
JSON 解析失败 (尝试 1/3): Expecting value: line 6 column 24 (char 219)
JSON 解析失败 (尝试 2/3): Expecting value: line 6 column 24 (char 219)
JSON 解析失败 (尝试 3/3): Expecting value: line 6 column 24 (char 219)
数据字段缺失或格式错误 (尝试 1/3): 'vh_index'
JSON 解析失败 (尝试 1/3): Unterminated string starting at: line 46 column 13 (char 1504)
数据字段缺失或格式错误 (尝试 2/3): 'vh_index'
数据字段缺失或格式错误 (尝试 3/3): 'vh_index'
数据字段缺失或格式错误 (尝试 1/3): 'vh_index'
数据字段缺失或格式错误 (尝试 2/3): 'vh_index'
数据字段缺失或格式错误 (尝试 3/3): 'vh_index'
数据字段缺失或格式错误 (尝试 1/3): 'vh_index'
数据字段缺失或格式错误 (尝试 2/3): 'vh_index'
数据字段缺失或格式错误 (尝试 3/3): 'vh_index'
数据字段缺失或格式错误 (尝试 1/3): 'vh_index'
数据字段缺失或格式错误 (尝试 1/3): 'vh_index'
数据字段缺失或格式错误 (尝试 1/3): 'vh_index'
数据字段缺失或格式错误 (尝试 2/3): 'vh_index'
数据字段缺失或格式错误 (尝试 3/3): 'vh_index'
JSON 解析失败 (尝试 1/3): Expecting ',' delimiter: line 31 column 37 (char 1966)
JSON 解析失败 (尝试 2/3): Expecting ',' delimiter: line 31 column 37 (char 1966)
JSON 解析失败 (尝试 3/3): Expecting ',' delimiter: line 31 column 37 (char 1966)
JSON 解析失败 (尝试 1/3): Expecting ',' delimiter: line 6 column 34 (char 246)
数据字段缺失或格式错误 (尝试 1/3): 'vh_index'
数据字段缺失或格式错误 (尝试 1/3): 'vh_index'
数据字段缺失或格式错误 (尝试 2/3): 'vh_index'
数据字段缺失或格式错误 (尝试 3/3): 'vh_index'
JSON 解析失败 (尝试 1/3): Unterminated string starting at: line 5 column 21 (char 153)
JSON 解析失败 (尝试 2/3): Unterminated string starting at: line 5 column 21 (char 153)
JSON 解析失败 (尝试 3/3): Unterminated string starting at: line 5 column 21 (char 153)
数据字段缺失或格式错误 (尝试 1/3): 'vh_index'
数据字段缺失或格式错误 (尝试 1/3): 'vh_index'
数据字段缺失或格式错误 (尝试 2/3): 'vh_index'
数据字段缺失或格式错误 (尝试 3/3): 'vh_index'
数据字段缺失或格式错误 (尝试 1/3): 'vh_index'
数据字段缺失或格式错误 (尝试 2/3): 'vh_index'
数据字段缺失或格式错误 (尝试 3/3): 'vh_index'
数据字段缺失或格式错误 (尝试 1/3): 'vh_index'
数据字段缺失或格式错误 (尝试 2/3): 'vh_index'
数据字段缺失或格式错误 (尝试 3/3): 'vh_index'
JSON 解析失败 (尝试 1/3): Expecting ',' delimiter: line 6 column 32 (char 212)
JSON 解析失败 (尝试 2/3): Expecting ',' delimiter: line 6 column 32 (char 212)
JSON 解析失败 (尝试 3/3): Expecting ',' delimiter: line 6 column 32 (char 212)
JSON 解析失败 (尝试 1/3): Unterminated string starting at: line 5 column 21 (char 133)
JSON 解析失败 (尝试 2/3): Unterminated string starting at: line 5 column 21 (char 133)
JSON 解析失败 (尝试 3/3): Unterminated string starting at: line 5 column 21 (char 133)
JSON 解析失败 (尝试 1/3): Expecting ',' delimiter: line 6 column 32 (char 226)
  8%|▊         | 692/8614 [39:01<11:21:55,  5.16s/it]
  8%|▊         | 693/8614 [39:03<9:25:15,  4.28s/it] 
  8%|▊         | 694/8614 [39:08<9:52:56,  4.49s/it]
  8%|▊         | 695/8614 [39:09<7:32:17,  3.43s/it]
  8%|▊         | 696/8614 [39:11<6:13:02,  2.83s/it]
  8%|▊         | 697/8614 [39:16<7:40:18,  3.49s/it]
  8%|▊         | 698/8614 [39:18<6:39:59,  3.03s/it]
  8%|▊         | 699/8614 [39:23<8:03:24,  3.66s/it]
  8%|▊         | 700/8614 [39:24<6:08:52,  2.80s/it]
  8%|▊         | 701/8614 [39:24<4:43:50,  2.15s/it]
  8%|▊         | 702/8614 [39:29<6:36:19,  3.01s/it]
  8%|▊         | 703/8614 [39:30<5:20:23,  2.43s/it]
  8%|▊         | 704/8614 [39:33<5:44:38,  2.61s/it]
  8%|▊         | 705/8614 [39:39<7:38:06,  3.48s/it]
  8%|▊         | 706/8614 [39:40<6:04:26,  2.77s/it]
  8%|▊         | 707/8614 [39:41<4:56:14,  2.25s/it]
  8%|▊         | 708/8614 [39:50<9:39:14,  4.40s/it]
  8%|▊         | 709/8614 [39:53<8:24:23,  3.83s/it]
  8%|▊         | 710/8614 [39:54<6:32:35,  2.98s/it]
  8%|▊         | 711/8614 [39:55<5:29:17,  2.50s/it]
  8%|▊         | 712/8614 [39:56<4:31:07,  2.06s/it]
  8%|▊         | 713/8614 [39:57<3:54:06,  1.78s/it]
  8%|▊         | 714/8614 [39:59<3:29:01,  1.59s/it]
  8%|▊         | 715/8614 [40:05<6:19:41,  2.88s/it]
  8%|▊         | 716/8614 [40:11<8:58:50,  4.09s/it]
  8%|▊         | 717/8614 [40:13<7:04:27,  3.22s/it]
  8%|▊         | 718/8614 [40:19<9:25:03,  4.29s/it]
  8%|▊         | 719/8614 [40:25<10:15:24,  4.68s/it]
  8%|▊         | 720/8614 [40:31<11:11:51,  5.11s/it]
  8%|▊         | 721/8614 [40:32<8:29:03,  3.87s/it] 
  8%|▊         | 722/8614 [40:33<6:49:26,  3.11s/it]
  8%|▊         | 723/8614 [40:40<9:07:22,  4.16s/it]